InnoDB: using atomic writes.
2020-03-29 21:56:53 0 [Note] InnoDB: Mutexes and rw_locks use Windows interlocked functions
2020-03-29 21:56:53 0 [Note] InnoDB: Uses event mutexes
2020-03-29 21:56:53 0 [Note] InnoDB: Compressed tables use zlib 1.2.11
2020-03-29 21:56:53 0 [Note] InnoDB: Number of pools: 1
2020-03-29 21:56:53 0 [Note] InnoDB: Using SSE2 crc32 instructions
2020-03-29 21:56:53 0 [Note] InnoDB: Initializing buffer pool, total size = 16M, instances = 1, chunk size = 16M
2020-03-29 21:56:53 0 [Note] InnoDB: Completed initialization of buffer pool
2020-03-29 21:56:53 0 [Note] InnoDB: Starting crash recovery from checkpoint LSN=300288
2020-03-29 21:56:53 0 [Note] InnoDB: 128 out of 128 rollback segments are active.
2020-03-29 21:56:53 0 [Note] InnoDB: Removed temporary tablespace data file: "ibtmp1"
2020-03-29 21:56:53 0 [Note] InnoDB: Creating shared tablespace for temporary tables
2020-03-29 21:56:53 0 [Note] InnoDB: Setting file 'D:\HK2N3\ThietKe_LapTrinh_Web\myWeb\mysql\data\ibtmp1' size to 12 MB. Physically writing the file full; Please wait ...
2020-03-29 21:56:53 0 [Note] InnoDB: File 'D:\HK2N3\ThietKe_LapTrinh_Web\myWeb\mysql\data\ibtmp1' size is now 12 MB.
2020-03-29 21:56:53 0 [Note] InnoDB: Waiting for purge to start
2020-03-29 21:56:53 0 [Note] InnoDB: 10.4.11 started; log sequence number 300297; transaction id 171
2020-03-29 21:56:53 0 [Note] InnoDB: Loading buffer pool(s) from D:\HK2N3\ThietKe_LapTrinh_Web\myWeb\mysql\data\ib_buffer_pool
2020-03-29 21:56:53 0 [Note] Plugin 'FEEDBACK' is disabled.
2020-03-29 21:56:53 0 [Note] InnoDB: Buffer pool(s) load completed at 200329 21:56:53
2020-03-29 21:56:53 0 [Note] Server socket created on IP: '::'.
InnoDB: using atomic writes.
2020-04-03  9:49:07 0 [Note] InnoDB: Mutexes and rw_locks use Windows interlocked functions
2020-04-03  9:49:07 0 [Note] InnoDB: Uses event mutexes
2020-04-03  9:49:07 0 [Note] InnoDB: Compressed tables use zlib 1.2.11
2020-04-03  9:49:07 0 [Note] InnoDB: Number of pools: 1
2020-04-03  9:49:07 0 [Note] InnoDB: Using SSE2 crc32 instructions
2020-04-03  9:49:07 0 [Note] InnoDB: Initializing buffer pool, total size = 16M, instances = 1, chunk size = 16M
2020-04-03  9:49:07 0 [Note] InnoDB: Completed initialization of buffer pool
2020-04-03  9:49:07 0 [Note] InnoDB: Starting crash recovery from checkpoint LSN=300306
2020-04-03  9:49:08 0 [Note] InnoDB: 128 out of 128 rollback segments are active.
2020-04-03  9:49:08 0 [Note] InnoDB: Removed temporary tablespace data file: "ibtmp1"
2020-04-03  9:49:08 0 [Note] InnoDB: Creating shared tablespace for temporary tables
2020-04-03  9:49:08 0 [Note] InnoDB: Setting file 'D:\HK2N3\ThietKe_LapTrinh_Web\myWeb\mysql\data\ibtmp1' size to 12 MB. Physically writing the file full; Please wait ...
2020-04-03  9:49:08 0 [Note] InnoDB: File 'D:\HK2N3\ThietKe_LapTrinh_Web\myWeb\mysql\data\ibtmp1' size is now 12 MB.
2020-04-03  9:49:08 0 [Note] InnoDB: Waiting for purge to start
2020-04-03  9:49:08 0 [Note] InnoDB: 10.4.11 started; log sequence number 300315; transaction id 171
2020-04-03  9:49:08 0 [Note] InnoDB: Loading buffer pool(s) from D:\HK2N3\ThietKe_LapTrinh_Web\myWeb\mysql\data\ib_buffer_pool
2020-04-03  9:49:08 0 [Note] Plugin 'FEEDBACK' is disabled.
2020-04-03  9:49:08 0 [Note] InnoDB: Buffer pool(s) load completed at 200403  9:49:08
2020-04-03  9:49:08 0 [Note] Server socket created on IP: '::'.
InnoDB: using atomic writes.
2020-04-05 18:31:53 0 [Note] InnoDB: Mutexes and rw_locks use Windows interlocked functions
2020-04-05 18:31:53 0 [Note] InnoDB: Uses event mutexes
2020-04-05 18:31:53 0 [Note] InnoDB: Compressed tables use zlib 1.2.11
2020-04-05 18:31:53 0 [Note] InnoDB: Number of pools: 1
2020-04-05 18:31:53 0 [Note] InnoDB: Using SSE2 crc32 instructions
2020-04-05 18:31:53 0 [Note] InnoDB: Initializing buffer pool, total size = 16M, instances = 1, chunk size = 16M
2020-04-05 18:31:53 0 [Note] InnoDB: Completed initialization of buffer pool
2020-04-05 18:31:53 0 [Note] InnoDB: Starting crash recovery from checkpoint LSN=300324
2020-04-05 18:31:54 0 [Note] InnoDB: 128 out of 128 rollback segments are active.
2020-04-05 18:31:54 0 [Note] InnoDB: Removed temporary tablespace data file: "ibtmp1"
2020-04-05 18:31:54 0 [Note] InnoDB: Creating shared tablespace for temporary tables
2020-04-05 18:31:54 0 [Note] InnoDB: Setting file 'D:\HK2N3\ThietKe_LapTrinh_Web\myWeb\mysql\data\ibtmp1' size to 12 MB. Physically writing the file full; Please wait ...
2020-04-05 18:31:54 0 [Note] InnoDB: File 'D:\HK2N3\ThietKe_LapTrinh_Web\myWeb\mysql\data\ibtmp1' size is now 12 MB.
2020-04-05 18:31:54 0 [Note] InnoDB: Waiting for purge to start
2020-04-05 18:31:54 0 [Note] InnoDB: 10.4.11 started; log sequence number 300333; transaction id 171
2020-04-05 18:31:54 0 [Note] InnoDB: Loading buffer pool(s) from D:\HK2N3\ThietKe_LapTrinh_Web\myWeb\mysql\data\ib_buffer_pool
2020-04-05 18:31:54 0 [Note] Plugin 'FEEDBACK' is disabled.
2020-04-05 18:31:54 0 [Note] InnoDB: Buffer pool(s) load completed at 200405 18:31:54
2020-04-05 18:31:54 0 [Note] Server socket created on IP: '::'.
InnoDB: using atomic writes.
2020-04-06  7:20:02 0 [Note] InnoDB: Mutexes and rw_locks use Windows interlocked functions
2020-04-06  7:20:02 0 [Note] InnoDB: Uses event mutexes
2020-04-06  7:20:02 0 [Note] InnoDB: Compressed tables use zlib 1.2.11
2020-04-06  7:20:02 0 [Note] InnoDB: Number of pools: 1
2020-04-06  7:20:02 0 [Note] InnoDB: Using SSE2 crc32 instructions
2020-04-06  7:20:02 0 [Note] InnoDB: Initializing buffer pool, total size = 16M, instances = 1, chunk size = 16M
2020-04-06  7:20:02 0 [Note] InnoDB: Completed initialization of buffer pool
2020-04-06  7:20:02 0 [Note] InnoDB: Starting crash recovery from checkpoint LSN=300342
2020-04-06  7:20:03 0 [Note] InnoDB: 128 out of 128 rollback segments are active.
2020-04-06  7:20:03 0 [Note] InnoDB: Removed temporary tablespace data file: "ibtmp1"
2020-04-06  7:20:03 0 [Note] InnoDB: Creating shared tablespace for temporary tables
2020-04-06  7:20:03 0 [Note] InnoDB: Setting file 'D:\HK2N3\ThietKe_LapTrinh_Web\myWeb\mysql\data\ibtmp1' size to 12 MB. Physically writing the file full; Please wait ...
2020-04-06  7:20:03 0 [Note] InnoDB: File 'D:\HK2N3\ThietKe_LapTrinh_Web\myWeb\mysql\data\ibtmp1' size is now 12 MB.
2020-04-06  7:20:03 0 [Note] InnoDB: Waiting for purge to start
2020-04-06  7:20:03 0 [Note] InnoDB: 10.4.11 started; log sequence number 300351; transaction id 171
2020-04-06  7:20:03 0 [Note] InnoDB: Loading buffer pool(s) from D:\HK2N3\ThietKe_LapTrinh_Web\myWeb\mysql\data\ib_buffer_pool
2020-04-06  7:20:03 0 [Note] Plugin 'FEEDBACK' is disabled.
2020-04-06  7:20:03 0 [Note] InnoDB: Buffer pool(s) load completed at 200406  7:20:03
2020-04-06  7:20:03 0 [Note] Server socket created on IP: '::'.
InnoDB: using atomic writes.
2020-04-13  7:12:43 0 [Note] InnoDB: Mutexes and rw_locks use Windows interlocked functions
2020-04-13  7:12:43 0 [Note] InnoDB: Uses event mutexes
2020-04-13  7:12:43 0 [Note] InnoDB: Compressed tables use zlib 1.2.11
2020-04-13  7:12:43 0 [Note] InnoDB: Number of pools: 1
2020-04-13  7:12:43 0 [Note] InnoDB: Using SSE2 crc32 instructions
2020-04-13  7:12:43 0 [Note] InnoDB: Initializing buffer pool, total size = 16M, instances = 1, chunk size = 16M
2020-04-13  7:12:43 0 [Note] InnoDB: Completed initialization of buffer pool
2020-04-13  7:12:43 0 [Note] InnoDB: Starting crash recovery from checkpoint LSN=300360
2020-04-13  7:12:43 0 [Note] InnoDB: 128 out of 128 rollback segments are active.
2020-04-13  7:12:43 0 [Note] InnoDB: Removed temporary tablespace data file: "ibtmp1"
2020-04-13  7:12:43 0 [Note] InnoDB: Creating shared tablespace for temporary tables
2020-04-13  7:12:43 0 [Note] InnoDB: Setting file 'D:\HK2N3\ThietKe_LapTrinh_Web\myWeb\mysql\data\ibtmp1' size to 12 MB. Physically writing the file full; Please wait ...
2020-04-13  7:12:43 0 [Note] InnoDB: File 'D:\HK2N3\ThietKe_LapTrinh_Web\myWeb\mysql\data\ibtmp1' size is now 12 MB.
2020-04-13  7:12:43 0 [Note] InnoDB: Waiting for purge to start
2020-04-13  7:12:43 0 [Note] InnoDB: 10.4.11 started; log sequence number 300369; transaction id 171
2020-04-13  7:12:43 0 [Note] InnoDB: Loading buffer pool(s) from D:\HK2N3\ThietKe_LapTrinh_Web\myWeb\mysql\data\ib_buffer_pool
2020-04-13  7:12:43 0 [Note] Plugin 'FEEDBACK' is disabled.
2020-04-13  7:12:43 0 [Note] InnoDB: Buffer pool(s) load completed at 200413  7:12:43
2020-04-13  7:12:43 0 [Note] Server socket created on IP: '::'.
InnoDB: using atomic writes.
2020-04-13 13:38:54 0 [Note] InnoDB: Mutexes and rw_locks use Windows interlocked functions
2020-04-13 13:38:54 0 [Note] InnoDB: Uses event mutexes
2020-04-13 13:38:54 0 [Note] InnoDB: Compressed tables use zlib 1.2.11
2020-04-13 13:38:54 0 [Note] InnoDB: Number of pools: 1
2020-04-13 13:38:54 0 [Note] InnoDB: Using SSE2 crc32 instructions
2020-04-13 13:38:54 0 [Note] InnoDB: Initializing buffer pool, total size = 16M, instances = 1, chunk size = 16M
2020-04-13 13:38:54 0 [Note] InnoDB: Completed initialization of buffer pool
2020-04-13 13:38:54 0 [Note] InnoDB: Starting crash recovery from checkpoint LSN=300378
2020-04-13 13:38:55 0 [Note] InnoDB: 128 out of 128 rollback segments are active.
2020-04-13 13:38:55 0 [Note] InnoDB: Removed temporary tablespace data file: "ibtmp1"
2020-04-13 13:38:55 0 [Note] InnoDB: Creating shared tablespace for temporary tables
2020-04-13 13:38:55 0 [Note] InnoDB: Setting file 'D:\HK2N3\ThietKe_LapTrinh_Web\myWeb\mysql\data\ibtmp1' size to 12 MB. Physically writing the file full; Please wait ...
2020-04-13 13:38:55 0 [Note] InnoDB: File 'D:\HK2N3\ThietKe_LapTrinh_Web\myWeb\mysql\data\ibtmp1' size is now 12 MB.
2020-04-13 13:38:55 0 [Note] InnoDB: Waiting for purge to start
2020-04-13 13:38:55 0 [Note] InnoDB: 10.4.11 started; log sequence number 300387; transaction id 171
2020-04-13 13:38:55 0 [Note] InnoDB: Loading buffer pool(s) from D:\HK2N3\ThietKe_LapTrinh_Web\myWeb\mysql\data\ib_buffer_pool
2020-04-13 13:38:55 0 [Note] Plugin 'FEEDBACK' is disabled.
2020-04-13 13:38:55 0 [Note] Server socket created on IP: '::'.
2020-04-13 13:38:55 0 [Note] InnoDB: Buffer pool(s) load completed at 200413 13:38:55
InnoDB: using atomic writes.
2020-04-19  9:20:42 0 [Note] InnoDB: Mutexes and rw_locks use Windows interlocked functions
2020-04-19  9:20:42 0 [Note] InnoDB: Uses event mutexes
2020-04-19  9:20:42 0 [Note] InnoDB: Compressed tables use zlib 1.2.11
2020-04-19  9:20:42 0 [Note] InnoDB: Number of pools: 1
2020-04-19  9:20:42 0 [Note] InnoDB: Using SSE2 crc32 instructions
2020-04-19  9:20:42 0 [Note] InnoDB: Initializing buffer pool, total size = 16M, instances = 1, chunk size = 16M
2020-04-19  9:20:42 0 [Note] InnoDB: Completed initialization of buffer pool
2020-04-19  9:20:42 0 [Note] InnoDB: Starting crash recovery from checkpoint LSN=300396
2020-04-19  9:20:42 0 [Note] InnoDB: 128 out of 128 rollback segments are active.
2020-04-19  9:20:42 0 [Note] InnoDB: Removed temporary tablespace data file: "ibtmp1"
2020-04-19  9:20:42 0 [Note] InnoDB: Creating shared tablespace for temporary tables
2020-04-19  9:20:42 0 [Note] InnoDB: Setting file 'D:\HK2N3\ThietKe_LapTrinh_Web\myWeb\mysql\data\ibtmp1' size to 12 MB. Physically writing the file full; Please wait ...
2020-04-19  9:20:42 0 [Note] InnoDB: File 'D:\HK2N3\ThietKe_LapTrinh_Web\myWeb\mysql\data\ibtmp1' size is now 12 MB.
2020-04-19  9:20:42 0 [Note] InnoDB: Waiting for purge to start
2020-04-19  9:20:42 0 [Note] InnoDB: 10.4.11 started; log sequence number 300405; transaction id 171
2020-04-19  9:20:42 0 [Note] InnoDB: Loading buffer pool(s) from D:\HK2N3\ThietKe_LapTrinh_Web\myWeb\mysql\data\ib_buffer_pool
2020-04-19  9:20:42 0 [Note] Plugin 'FEEDBACK' is disabled.
2020-04-19  9:20:42 0 [Note] InnoDB: Buffer pool(s) load completed at 200419  9:20:42
2020-04-19  9:20:43 0 [Note] Server socket created on IP: '::'.
InnoDB: using atomic writes.
2020-04-20  7:18:38 0 [Note] InnoDB: Mutexes and rw_locks use Windows interlocked functions
2020-04-20  7:18:38 0 [Note] InnoDB: Uses event mutexes
2020-04-20  7:18:38 0 [Note] InnoDB: Compressed tables use zlib 1.2.11
2020-04-20  7:18:38 0 [Note] InnoDB: Number of pools: 1
2020-04-20  7:18:38 0 [Note] InnoDB: Using SSE2 crc32 instructions
2020-04-20  7:18:38 0 [Note] InnoDB: Initializing buffer pool, total size = 16M, instances = 1, chunk size = 16M
2020-04-20  7:18:38 0 [Note] InnoDB: Completed initialization of buffer pool
2020-04-20  7:18:38 0 [Note] InnoDB: Starting crash recovery from checkpoint LSN=300414
2020-04-20  7:18:38 0 [Note] InnoDB: 128 out of 128 rollback segments are active.
2020-04-20  7:18:38 0 [Note] InnoDB: Removed temporary tablespace data file: "ibtmp1"
2020-04-20  7:18:38 0 [Note] InnoDB: Creating shared tablespace for temporary tables
2020-04-20  7:18:38 0 [Note] InnoDB: Setting file 'D:\HK2N3\ThietKe_LapTrinh_Web\myWeb\mysql\data\ibtmp1' size to 12 MB. Physically writing the file full; Please wait ...
2020-04-20  7:18:38 0 [Note] InnoDB: File 'D:\HK2N3\ThietKe_LapTrinh_Web\myWeb\mysql\data\ibtmp1' size is now 12 MB.
2020-04-20  7:18:38 0 [Note] InnoDB: Waiting for purge to start
2020-04-20  7:18:38 0 [Note] InnoDB: 10.4.11 started; log sequence number 300423; transaction id 171
2020-04-20  7:18:38 0 [Note] InnoDB: Loading buffer pool(s) from D:\HK2N3\ThietKe_LapTrinh_Web\myWeb\mysql\data\ib_buffer_pool
2020-04-20  7:18:38 0 [Note] Plugin 'FEEDBACK' is disabled.
2020-04-20  7:18:38 0 [Note] InnoDB: Buffer pool(s) load completed at 200420  7:18:38
2020-04-20  7:18:38 0 [Note] Server socket created on IP: '::'.
InnoDB: using atomic writes.
2020-04-27  7:33:14 0 [Note] InnoDB: Mutexes and rw_locks use Windows interlocked functions
2020-04-27  7:33:14 0 [Note] InnoDB: Uses event mutexes
2020-04-27  7:33:14 0 [Note] InnoDB: Compressed tables use zlib 1.2.11
2020-04-27  7:33:14 0 [Note] InnoDB: Number of pools: 1
2020-04-27  7:33:14 0 [Note] InnoDB: Using SSE2 crc32 instructions
2020-04-27  7:33:14 0 [Note] InnoDB: Initializing buffer pool, total size = 16M, instances = 1, chunk size = 16M
2020-04-27  7:33:14 0 [Note] InnoDB: Completed initialization of buffer pool
2020-04-27  7:33:14 0 [Note] InnoDB: Starting crash recovery from checkpoint LSN=300432
2020-04-27  7:33:15 0 [Note] InnoDB: 128 out of 128 rollback segments are active.
2020-04-27  7:33:15 0 [Note] InnoDB: Removed temporary tablespace data file: "ibtmp1"
2020-04-27  7:33:15 0 [Note] InnoDB: Creating shared tablespace for temporary tables
2020-04-27  7:33:15 0 [Note] InnoDB: Setting file 'D:\HK2N3\ThietKe_LapTrinh_Web\myWeb\mysql\data\ibtmp1' size to 12 MB. Physically writing the file full; Please wait ...
2020-04-27  7:33:15 0 [Note] InnoDB: File 'D:\HK2N3\ThietKe_LapTrinh_Web\myWeb\mysql\data\ibtmp1' size is now 12 MB.
2020-04-27  7:33:15 0 [Note] InnoDB: Waiting for purge to start
2020-04-27  7:33:15 0 [Note] InnoDB: 10.4.11 started; log sequence number 300441; transaction id 171
2020-04-27  7:33:15 0 [Note] InnoDB: Loading buffer pool(s) from D:\HK2N3\ThietKe_LapTrinh_Web\myWeb\mysql\data\ib_buffer_pool
2020-04-27  7:33:15 0 [Note] Plugin 'FEEDBACK' is disabled.
2020-04-27  7:33:15 0 [Note] InnoDB: Buffer pool(s) load completed at 200427  7:33:15
2020-04-27  7:33:15 0 [Note] Server socket created on IP: '::'.
InnoDB: using atomic writes.
2020-05-02 19:40:11 0 [Note] InnoDB: Mutexes and rw_locks use Windows interlocked functions
2020-05-02 19:40:11 0 [Note] InnoDB: Uses event mutexes
2020-05-02 19:40:11 0 [Note] InnoDB: Compressed tables use zlib 1.2.11
2020-05-02 19:40:11 0 [Note] InnoDB: Number of pools: 1
2020-05-02 19:40:11 0 [Note] InnoDB: Using SSE2 crc32 instructions
2020-05-02 19:40:11 0 [Note] InnoDB: Initializing buffer pool, total size = 16M, instances = 1, chunk size = 16M
2020-05-02 19:40:11 0 [Note] InnoDB: Completed initialization of buffer pool
2020-05-02 19:40:11 0 [Note] InnoDB: Starting crash recovery from checkpoint LSN=300450
2020-05-02 19:40:12 0 [Note] InnoDB: 128 out of 128 rollback segments are active.
2020-05-02 19:40:12 0 [Note] InnoDB: Removed temporary tablespace data file: "ibtmp1"
2020-05-02 19:40:12 0 [Note] InnoDB: Creating shared tablespace for temporary tables
2020-05-02 19:40:12 0 [Note] InnoDB: Setting file 'D:\HK2N3\ThietKe_LapTrinh_Web\myWeb\mysql\data\ibtmp1' size to 12 MB. Physically writing the file full; Please wait ...
2020-05-02 19:40:12 0 [Note] InnoDB: File 'D:\HK2N3\ThietKe_LapTrinh_Web\myWeb\mysql\data\ibtmp1' size is now 12 MB.
2020-05-02 19:40:12 0 [Note] InnoDB: Waiting for purge to start
2020-05-02 19:40:12 0 [Note] InnoDB: 10.4.11 started; log sequence number 300459; transaction id 171
2020-05-02 19:40:12 0 [Note] InnoDB: Loading buffer pool(s) from D:\HK2N3\ThietKe_LapTrinh_Web\myWeb\mysql\data\ib_buffer_pool
2020-05-02 19:40:12 0 [Note] Plugin 'FEEDBACK' is disabled.
2020-05-02 19:40:12 0 [Note] InnoDB: Buffer pool(s) load completed at 200502 19:40:12
2020-05-02 19:40:12 0 [Note] Server socket created on IP: '::'.
InnoDB: using atomic writes.
2020-05-04  7:30:28 0 [Note] InnoDB: Mutexes and rw_locks use Windows interlocked functions
2020-05-04  7:30:28 0 [Note] InnoDB: Uses event mutexes
2020-05-04  7:30:28 0 [Note] InnoDB: Compressed tables use zlib 1.2.11
2020-05-04  7:30:28 0 [Note] InnoDB: Number of pools: 1
2020-05-04  7:30:28 0 [Note] InnoDB: Using SSE2 crc32 instructions
2020-05-04  7:30:28 0 [Note] InnoDB: Initializing buffer pool, total size = 16M, instances = 1, chunk size = 16M
2020-05-04  7:30:28 0 [Note] InnoDB: Completed initialization of buffer pool
2020-05-04  7:30:28 0 [Note] InnoDB: Starting crash recovery from checkpoint LSN=300468
2020-05-04  7:30:29 0 [Note] InnoDB: 128 out of 128 rollback segments are active.
2020-05-04  7:30:29 0 [Note] InnoDB: Removed temporary tablespace data file: "ibtmp1"
2020-05-04  7:30:29 0 [Note] InnoDB: Creating shared tablespace for temporary tables
2020-05-04  7:30:29 0 [Note] InnoDB: Setting file 'D:\HK2N3\ThietKe_LapTrinh_Web\myWeb\mysql\data\ibtmp1' size to 12 MB. Physically writing the file full; Please wait ...
2020-05-04  7:30:29 0 [Note] InnoDB: File 'D:\HK2N3\ThietKe_LapTrinh_Web\myWeb\mysql\data\ibtmp1' size is now 12 MB.
2020-05-04  7:30:29 0 [Note] InnoDB: Waiting for purge to start
2020-05-04  7:30:29 0 [Note] InnoDB: 10.4.11 started; log sequence number 300477; transaction id 171
2020-05-04  7:30:29 0 [Note] InnoDB: Loading buffer pool(s) from D:\HK2N3\ThietKe_LapTrinh_Web\myWeb\mysql\data\ib_buffer_pool
2020-05-04  7:30:29 0 [Note] Plugin 'FEEDBACK' is disabled.
2020-05-04  7:30:29 0 [Note] InnoDB: Buffer pool(s) load completed at 200504  7:30:29
2020-05-04  7:30:29 0 [Note] Server socket created on IP: '::'.
InnoDB: using atomic writes.
2020-05-06 14:09:51 0 [Note] InnoDB: Mutexes and rw_locks use Windows interlocked functions
2020-05-06 14:09:51 0 [Note] InnoDB: Uses event mutexes
2020-05-06 14:09:51 0 [Note] InnoDB: Compressed tables use zlib 1.2.11
2020-05-06 14:09:51 0 [Note] InnoDB: Number of pools: 1
2020-05-06 14:09:51 0 [Note] InnoDB: Using SSE2 crc32 instructions
2020-05-06 14:09:51 0 [Note] InnoDB: Initializing buffer pool, total size = 16M, instances = 1, chunk size = 16M
2020-05-06 14:09:51 0 [Note] InnoDB: Completed initialization of buffer pool
2020-05-06 14:09:51 0 [Note] InnoDB: Starting crash recovery from checkpoint LSN=300486
2020-05-06 14:09:51 0 [Note] InnoDB: 128 out of 128 rollback segments are active.
2020-05-06 14:09:51 0 [Note] InnoDB: Removed temporary tablespace data file: "ibtmp1"
2020-05-06 14:09:51 0 [Note] InnoDB: Creating shared tablespace for temporary tables
2020-05-06 14:09:51 0 [Note] InnoDB: Setting file 'D:\HK2N3\ThietKe_LapTrinh_Web\myWeb\mysql\data\ibtmp1' size to 12 MB. Physically writing the file full; Please wait ...
2020-05-06 14:09:51 0 [Note] InnoDB: File 'D:\HK2N3\ThietKe_LapTrinh_Web\myWeb\mysql\data\ibtmp1' size is now 12 MB.
2020-05-06 14:09:51 0 [Note] InnoDB: Waiting for purge to start
2020-05-06 14:09:51 0 [Note] InnoDB: 10.4.11 started; log sequence number 300495; transaction id 171
2020-05-06 14:09:51 0 [Note] InnoDB: Loading buffer pool(s) from D:\HK2N3\ThietKe_LapTrinh_Web\myWeb\mysql\data\ib_buffer_pool
2020-05-06 14:09:51 0 [Note] Plugin 'FEEDBACK' is disabled.
2020-05-06 14:09:51 0 [Note] InnoDB: Buffer pool(s) load completed at 200506 14:09:51
2020-05-06 14:09:51 0 [Note] Server socket created on IP: '::'.
InnoDB: using atomic writes.
2020-05-06 22:45:18 0 [Note] InnoDB: Mutexes and rw_locks use Windows interlocked functions
2020-05-06 22:45:18 0 [Note] InnoDB: Uses event mutexes
2020-05-06 22:45:18 0 [Note] InnoDB: Compressed tables use zlib 1.2.11
2020-05-06 22:45:18 0 [Note] InnoDB: Number of pools: 1
2020-05-06 22:45:18 0 [Note] InnoDB: Using SSE2 crc32 instructions
2020-05-06 22:45:18 0 [Note] InnoDB: Initializing buffer pool, total size = 16M, instances = 1, chunk size = 16M
2020-05-06 22:45:18 0 [Note] InnoDB: Completed initialization of buffer pool
2020-05-06 22:45:18 0 [Note] InnoDB: Starting crash recovery from checkpoint LSN=300504
2020-05-06 22:45:18 0 [Note] InnoDB: 128 out of 128 rollback segments are active.
2020-05-06 22:45:18 0 [Note] InnoDB: Removed temporary tablespace data file: "ibtmp1"
2020-05-06 22:45:18 0 [Note] InnoDB: Creating shared tablespace for temporary tables
2020-05-06 22:45:18 0 [Note] InnoDB: Setting file 'D:\HK2N3\ThietKe_LapTrinh_Web\myWeb\mysql\data\ibtmp1' size to 12 MB. Physically writing the file full; Please wait ...
2020-05-06 22:45:18 0 [Note] InnoDB: File 'D:\HK2N3\ThietKe_LapTrinh_Web\myWeb\mysql\data\ibtmp1' size is now 12 MB.
2020-05-06 22:45:18 0 [Note] InnoDB: Waiting for purge to start
2020-05-06 22:45:18 0 [Note] InnoDB: 10.4.11 started; log sequence number 300513; transaction id 171
2020-05-06 22:45:18 0 [Note] InnoDB: Loading buffer pool(s) from D:\HK2N3\ThietKe_LapTrinh_Web\myWeb\mysql\data\ib_buffer_pool
2020-05-06 22:45:18 0 [Note] Plugin 'FEEDBACK' is disabled.
2020-05-06 22:45:18 0 [Note] Server socket created on IP: '::'.
2020-05-06 22:45:18 0 [Note] InnoDB: Buffer pool(s) load completed at 200506 22:45:18
InnoDB: using atomic writes.
2020-05-10 19:57:47 0 [Note] InnoDB: Mutexes and rw_locks use Windows interlocked functions
2020-05-10 19:57:47 0 [Note] InnoDB: Uses event mutexes
2020-05-10 19:57:47 0 [Note] InnoDB: Compressed tables use zlib 1.2.11
2020-05-10 19:57:47 0 [Note] InnoDB: Number of pools: 1
2020-05-10 19:57:47 0 [Note] InnoDB: Using SSE2 crc32 instructions
2020-05-10 19:57:47 0 [Note] InnoDB: Initializing buffer pool, total size = 16M, instances = 1, chunk size = 16M
2020-05-10 19:57:47 0 [Note] InnoDB: Completed initialization of buffer pool
2020-05-10 19:57:48 0 [Note] InnoDB: Starting crash recovery from checkpoint LSN=300522
2020-05-10 19:57:48 0 [Note] InnoDB: 128 out of 128 rollback segments are active.
2020-05-10 19:57:48 0 [Note] InnoDB: Removed temporary tablespace data file: "ibtmp1"
2020-05-10 19:57:48 0 [Note] InnoDB: Creating shared tablespace for temporary tables
2020-05-10 19:57:48 0 [Note] InnoDB: Setting file 'D:\HK2N3\ThietKe_LapTrinh_Web\myWeb\mysql\data\ibtmp1' size to 12 MB. Physically writing the file full; Please wait ...
2020-05-10 19:57:48 0 [Note] InnoDB: File 'D:\HK2N3\ThietKe_LapTrinh_Web\myWeb\mysql\data\ibtmp1' size is now 12 MB.
2020-05-10 19:57:48 0 [Note] InnoDB: Waiting for purge to start
2020-05-10 19:57:48 0 [Note] InnoDB: 10.4.11 started; log sequence number 300531; transaction id 171
2020-05-10 19:57:48 0 [Note] InnoDB: Loading buffer pool(s) from D:\HK2N3\ThietKe_LapTrinh_Web\myWeb\mysql\data\ib_buffer_pool
2020-05-10 19:57:48 0 [Note] Plugin 'FEEDBACK' is disabled.
2020-05-10 19:57:48 0 [Note] InnoDB: Buffer pool(s) load completed at 200510 19:57:48
2020-05-10 19:57:48 0 [Note] Server socket created on IP: '::'.
InnoDB: using atomic writes.
2020-05-21 15:34:59 0 [Note] InnoDB: Mutexes and rw_locks use Windows interlocked functions
2020-05-21 15:34:59 0 [Note] InnoDB: Uses event mutexes
2020-05-21 15:34:59 0 [Note] InnoDB: Compressed tables use zlib 1.2.11
2020-05-21 15:34:59 0 [Note] InnoDB: Number of pools: 1
2020-05-21 15:34:59 0 [Note] InnoDB: Using SSE2 crc32 instructions
2020-05-21 15:34:59 0 [Note] InnoDB: Initializing buffer pool, total size = 16M, instances = 1, chunk size = 16M
2020-05-21 15:34:59 0 [Note] InnoDB: Completed initialization of buffer pool
2020-05-21 15:34:59 0 [Note] InnoDB: The log sequence number 139827 in the system tablespace does not match the log sequence number 300556 in the ib_logfiles!
2020-05-21 15:34:59 0 [Note] InnoDB: 128 out of 128 rollback segments are active.
2020-05-21 15:34:59 0 [Note] InnoDB: Removed temporary tablespace data file: "ibtmp1"
2020-05-21 15:34:59 0 [Note] InnoDB: Creating shared tablespace for temporary tables
2020-05-21 15:34:59 0 [Note] InnoDB: Setting file 'D:\HK2N3\ThietKe_LapTrinh_Web\myWeb\mysql\data\ibtmp1' size to 12 MB. Physically writing the file full; Please wait ...
2020-05-21 15:34:59 0 [Note] InnoDB: File 'D:\HK2N3\ThietKe_LapTrinh_Web\myWeb\mysql\data\ibtmp1' size is now 12 MB.
2020-05-21 15:34:59 0 [Note] InnoDB: Waiting for purge to start
2020-05-21 15:34:59 0 [Note] InnoDB: 10.4.11 started; log sequence number 300556; transaction id 171
2020-05-21 15:34:59 0 [Note] InnoDB: Loading buffer pool(s) from D:\HK2N3\ThietKe_LapTrinh_Web\myWeb\mysql\data\ib_buffer_pool
2020-05-21 15:34:59 0 [Note] Plugin 'FEEDBACK' is disabled.
2020-05-21 15:34:59 0 [Note] InnoDB: Buffer pool(s) load completed at 200521 15:34:59
2020-05-21 15:34:59 0 [Note] Server socket created on IP: '::'.
InnoDB: using atomic writes.
2020-06-07 14:30:26 0 [Note] InnoDB: Mutexes and rw_locks use Windows interlocked functions
2020-06-07 14:30:26 0 [Note] InnoDB: Uses event mutexes
2020-06-07 14:30:26 0 [Note] InnoDB: Compressed tables use zlib 1.2.11
2020-06-07 14:30:26 0 [Note] InnoDB: Number of pools: 1
2020-06-07 14:30:26 0 [Note] InnoDB: Using SSE2 crc32 instructions
2020-06-07 14:30:26 0 [Note] InnoDB: Initializing buffer pool, total size = 16M, instances = 1, chunk size = 16M
2020-06-07 14:30:26 0 [Note] InnoDB: Completed initialization of buffer pool
2020-06-07 14:30:26 0 [Note] InnoDB: The log sequence number 139827 in the system tablespace does not match the log sequence number 300556 in the ib_logfiles!
2020-06-07 14:30:27 0 [Note] InnoDB: 128 out of 128 rollback segments are active.
2020-06-07 14:30:27 0 [Note] InnoDB: Removed temporary tablespace data file: "ibtmp1"
2020-06-07 14:30:27 0 [Note] InnoDB: Creating shared tablespace for temporary tables
2020-06-07 14:30:27 0 [Note] InnoDB: Setting file 'D:\HK2N3\ThietKe_LapTrinh_Web\myWeb\mysql\data\ibtmp1' size to 12 MB. Physically writing the file full; Please wait ...
2020-06-07 14:30:27 0 [Note] InnoDB: File 'D:\HK2N3\ThietKe_LapTrinh_Web\myWeb\mysql\data\ibtmp1' size is now 12 MB.
2020-06-07 14:30:27 0 [Note] InnoDB: Waiting for purge to start
2020-06-07 14:30:27 0 [Note] InnoDB: 10.4.11 started; log sequence number 300556; transaction id 171
2020-06-07 14:30:27 0 [Note] InnoDB: Loading buffer pool(s) from D:\HK2N3\ThietKe_LapTrinh_Web\myWeb\mysql\data\ib_buffer_pool
2020-06-07 14:30:27 0 [Note] Plugin 'FEEDBACK' is disabled.
2020-06-07 14:30:27 0 [Note] InnoDB: Buffer pool(s) load completed at 200607 14:30:27
2020-06-07 14:30:27 0 [Note] Server socket created on IP: '::'.
