9:56:47 CH  [main] 	Initializing Control Panel
9:56:47 CH  [main] 	Windows Version:  Enterprise  64-bit
9:56:47 CH  [main] 	XAMPP Version: 7.2.28
9:56:47 CH  [main] 	Control Panel Version: 3.2.4  [ Compiled: Jun 5th 2019 ]
9:56:47 CH  [main] 	You are not running with administrator rights! This will work for
9:56:47 CH  [main] 	most application stuff but whenever you do something with services
9:56:47 CH  [main] 	there will be a security dialogue or things will break! So think 
9:56:47 CH  [main] 	about running this application with administrator rights!
9:56:47 CH  [main] 	XAMPP Installation Directory: "d:\hk2n3\thietke_laptrinh_web\myweb\"
9:56:47 CH  [main] 	Checking for prerequisites
9:56:49 CH  [main] 	All prerequisites found
9:56:49 CH  [main] 	Initializing Modules
9:56:49 CH  [Apache] 	Problem detected!
9:56:49 CH  [Apache] 	Port 443 in use by ""C:\Program Files (x86)\VMware\VMware Workstation\vmware-hostd.exe" -u "C:\ProgramData\VMware\hostd\config.xml"" with PID 6260!
9:56:49 CH  [Apache] 	Apache WILL NOT start without the configured ports free!
9:56:49 CH  [Apache] 	You need to uninstall/disable/reconfigure the blocking application
9:56:49 CH  [Apache] 	or reconfigure Apache and the Control Panel to listen on a different port
9:56:49 CH  [main] 	Starting Check-Timer
9:56:49 CH  [main] 	Control Panel Ready
9:56:50 CH  [Apache] 	Problem detected!
9:56:50 CH  [Apache] 	Port 443 in use by ""C:\Program Files (x86)\VMware\VMware Workstation\vmware-hostd.exe" -u "C:\ProgramData\VMware\hostd\config.xml"" with PID 6260!
9:56:50 CH  [Apache] 	Apache WILL NOT start without the configured ports free!
9:56:50 CH  [Apache] 	You need to uninstall/disable/reconfigure the blocking application
9:56:50 CH  [Apache] 	or reconfigure Apache and the Control Panel to listen on a different port
9:56:50 CH  [Apache] 	Attempting to start Apache app...
9:56:51 CH  [Apache] 	Status change detected: running
9:56:52 CH  [Apache] 	Status change detected: stopped
9:56:52 CH  [Apache] 	Error: Apache shutdown unexpectedly.
9:56:52 CH  [Apache] 	This may be due to a blocked port, missing dependencies, 
9:56:52 CH  [Apache] 	improper privileges, a crash, or a shutdown by another method.
9:56:52 CH  [Apache] 	Press the Logs button to view error logs and check
9:56:52 CH  [Apache] 	the Windows Event Viewer for more clues
9:56:52 CH  [Apache] 	If you need more help, copy and post this
9:56:52 CH  [Apache] 	entire log window on the forums
9:56:52 CH  [mysql] 	Attempting to start MySQL app...
9:56:53 CH  [mysql] 	Status change detected: running
9:56:59 CH  [Apache] 	Problem detected!
9:56:59 CH  [Apache] 	Port 443 in use by ""C:\Program Files (x86)\VMware\VMware Workstation\vmware-hostd.exe" -u "C:\ProgramData\VMware\hostd\config.xml"" with PID 6260!
9:56:59 CH  [Apache] 	Apache WILL NOT start without the configured ports free!
9:56:59 CH  [Apache] 	You need to uninstall/disable/reconfigure the blocking application
9:56:59 CH  [Apache] 	or reconfigure Apache and the Control Panel to listen on a different port
9:56:59 CH  [Apache] 	Attempting to start Apache app...
9:56:59 CH  [Apache] 	Status change detected: running
9:57:00 CH  [Apache] 	Status change detected: stopped
9:57:00 CH  [Apache] 	Error: Apache shutdown unexpectedly.
9:57:00 CH  [Apache] 	This may be due to a blocked port, missing dependencies, 
9:57:00 CH  [Apache] 	improper privileges, a crash, or a shutdown by another method.
9:57:00 CH  [Apache] 	Press the Logs button to view error logs and check
9:57:00 CH  [Apache] 	the Windows Event Viewer for more clues
9:57:00 CH  [Apache] 	If you need more help, copy and post this
9:57:00 CH  [Apache] 	entire log window on the forums
10:02:10 CH  [Apache] 	Problem detected!
10:02:10 CH  [Apache] 	Port 443 in use by ""C:\Program Files (x86)\VMware\VMware Workstation\vmware-hostd.exe" -u "C:\ProgramData\VMware\hostd\config.xml"" with PID 6260!
10:02:10 CH  [Apache] 	Apache WILL NOT start without the configured ports free!
10:02:10 CH  [Apache] 	You need to uninstall/disable/reconfigure the blocking application
10:02:10 CH  [Apache] 	or reconfigure Apache and the Control Panel to listen on a different port
10:02:10 CH  [Apache] 	Attempting to start Apache app...
10:02:10 CH  [Apache] 	Status change detected: running
10:02:11 CH  [Apache] 	Status change detected: stopped
10:02:11 CH  [Apache] 	Error: Apache shutdown unexpectedly.
10:02:11 CH  [Apache] 	This may be due to a blocked port, missing dependencies, 
10:02:11 CH  [Apache] 	improper privileges, a crash, or a shutdown by another method.
10:02:11 CH  [Apache] 	Press the Logs button to view error logs and check
10:02:11 CH  [Apache] 	the Windows Event Viewer for more clues
10:02:11 CH  [Apache] 	If you need more help, copy and post this
10:02:11 CH  [Apache] 	entire log window on the forums
10:02:53 CH  [Apache] 	Problem detected!
10:02:53 CH  [Apache] 	Port 443 in use by ""C:\Program Files (x86)\VMware\VMware Workstation\vmware-hostd.exe" -u "C:\ProgramData\VMware\hostd\config.xml"" with PID 6260!
10:02:53 CH  [Apache] 	Apache WILL NOT start without the configured ports free!
10:02:53 CH  [Apache] 	You need to uninstall/disable/reconfigure the blocking application
10:02:53 CH  [Apache] 	or reconfigure Apache and the Control Panel to listen on a different port
10:02:53 CH  [Apache] 	Attempting to start Apache app...
10:02:53 CH  [Apache] 	Status change detected: running
10:02:54 CH  [Apache] 	Status change detected: stopped
10:02:54 CH  [Apache] 	Error: Apache shutdown unexpectedly.
10:02:54 CH  [Apache] 	This may be due to a blocked port, missing dependencies, 
10:02:54 CH  [Apache] 	improper privileges, a crash, or a shutdown by another method.
10:02:54 CH  [Apache] 	Press the Logs button to view error logs and check
10:02:54 CH  [Apache] 	the Windows Event Viewer for more clues
10:02:54 CH  [Apache] 	If you need more help, copy and post this
10:02:54 CH  [Apache] 	entire log window on the forums
10:03:54 CH  [Apache] 	Attempting to start Apache app...
10:03:54 CH  [Apache] 	Status change detected: running
11:15:41 SA  [Apache] 	Attempting to stop Apache (PID: 7056)
11:15:41 SA  [Apache] 	Attempting to stop Apache (PID: 2540)
11:15:42 SA  [Apache] 	Status change detected: stopped
11:15:42 SA  [mysql] 	Attempting to stop MySQL app...
11:15:43 SA  [mysql] 	Status change detected: stopped
11:15:57 SA  [main] 	Deinitializing Modules
11:15:57 SA  [main] 	Deinitializing Control Panel

9:49:02 SA  [main] 	Initializing Control Panel
9:49:02 SA  [main] 	Windows Version:  Enterprise  64-bit
9:49:02 SA  [main] 	XAMPP Version: 7.2.28
9:49:02 SA  [main] 	Control Panel Version: 3.2.4  [ Compiled: Jun 5th 2019 ]
9:49:02 SA  [main] 	You are not running with administrator rights! This will work for
9:49:02 SA  [main] 	most application stuff but whenever you do something with services
9:49:02 SA  [main] 	there will be a security dialogue or things will break! So think 
9:49:02 SA  [main] 	about running this application with administrator rights!
9:49:02 SA  [main] 	XAMPP Installation Directory: "d:\hk2n3\thietke_laptrinh_web\myweb\"
9:49:02 SA  [main] 	Checking for prerequisites
9:49:03 SA  [main] 	All prerequisites found
9:49:03 SA  [main] 	Initializing Modules
9:49:03 SA  [main] 	Starting Check-Timer
9:49:03 SA  [main] 	Control Panel Ready
9:49:05 SA  [Apache] 	Attempting to start Apache app...
9:49:05 SA  [Apache] 	Status change detected: running
9:49:07 SA  [mysql] 	Attempting to start MySQL app...
9:49:07 SA  [mysql] 	Status change detected: running
10:16:02 SA  [Apache] 	Attempting to stop Apache (PID: 5828)
10:16:02 SA  [Apache] 	Attempting to stop Apache (PID: 8124)
10:16:02 SA  [Apache] 	Status change detected: stopped
10:16:03 SA  [mysql] 	Attempting to stop MySQL app...
10:16:03 SA  [mysql] 	Status change detected: stopped
10:53:56 SA  [main] 	Deinitializing Modules
10:53:56 SA  [main] 	Deinitializing Control Panel

6:30:40 CH  [main] 	Initializing Control Panel
6:30:40 CH  [main] 	Windows Version:  Enterprise  64-bit
6:30:40 CH  [main] 	XAMPP Version: 7.2.28
6:30:40 CH  [main] 	Control Panel Version: 3.2.4  [ Compiled: Jun 5th 2019 ]
6:30:40 CH  [main] 	You are not running with administrator rights! This will work for
6:30:40 CH  [main] 	most application stuff but whenever you do something with services
6:30:40 CH  [main] 	there will be a security dialogue or things will break! So think 
6:30:40 CH  [main] 	about running this application with administrator rights!
6:30:40 CH  [main] 	XAMPP Installation Directory: "d:\hk2n3\thietke_laptrinh_web\myweb\"
6:30:40 CH  [main] 	Checking for prerequisites
6:30:43 CH  [main] 	All prerequisites found
6:30:43 CH  [main] 	Initializing Modules
6:30:43 CH  [main] 	Starting Check-Timer
6:30:43 CH  [main] 	Control Panel Ready
6:31:52 CH  [Apache] 	Attempting to start Apache app...
6:31:53 CH  [Apache] 	Status change detected: running
6:31:53 CH  [mysql] 	Attempting to start MySQL app...
6:31:53 CH  [mysql] 	Status change detected: running
9:27:06 CH  [main] 	Deinitializing Modules
9:27:06 CH  [main] 	Deinitializing Control Panel

7:19:58 SA  [main] 	Initializing Control Panel
7:19:58 SA  [main] 	Windows Version:  Enterprise  64-bit
7:19:58 SA  [main] 	XAMPP Version: 7.2.28
7:19:58 SA  [main] 	Control Panel Version: 3.2.4  [ Compiled: Jun 5th 2019 ]
7:19:58 SA  [main] 	You are not running with administrator rights! This will work for
7:19:58 SA  [main] 	most application stuff but whenever you do something with services
7:19:58 SA  [main] 	there will be a security dialogue or things will break! So think 
7:19:58 SA  [main] 	about running this application with administrator rights!
7:19:58 SA  [main] 	XAMPP Installation Directory: "d:\hk2n3\thietke_laptrinh_web\myweb\"
7:19:58 SA  [main] 	Checking for prerequisites
7:19:59 SA  [main] 	All prerequisites found
7:19:59 SA  [main] 	Initializing Modules
7:19:59 SA  [main] 	Starting Check-Timer
7:19:59 SA  [main] 	Control Panel Ready
7:20:01 SA  [Apache] 	Attempting to start Apache app...
7:20:01 SA  [Apache] 	Status change detected: running
7:20:02 SA  [mysql] 	Attempting to start MySQL app...
7:20:02 SA  [mysql] 	Status change detected: running
12:54:08 CH  [Apache] 	Attempting to stop Apache (PID: 2304)
12:54:08 CH  [Apache] 	Attempting to stop Apache (PID: 4312)
12:54:08 CH  [Apache] 	Status change detected: stopped
12:54:08 CH  [mysql] 	Attempting to stop MySQL app...
12:54:09 CH  [mysql] 	Status change detected: stopped
4:47:13 CH  [main] 	Deinitializing Modules
4:47:13 CH  [main] 	Deinitializing Control Panel

7:12:23 SA  [main] 	Initializing Control Panel
7:12:23 SA  [main] 	Windows Version:  Enterprise  64-bit
7:12:23 SA  [main] 	XAMPP Version: 7.2.28
7:12:23 SA  [main] 	Control Panel Version: 3.2.4  [ Compiled: Jun 5th 2019 ]
7:12:23 SA  [main] 	You are not running with administrator rights! This will work for
7:12:23 SA  [main] 	most application stuff but whenever you do something with services
7:12:23 SA  [main] 	there will be a security dialogue or things will break! So think 
7:12:23 SA  [main] 	about running this application with administrator rights!
7:12:23 SA  [main] 	XAMPP Installation Directory: "d:\hk2n3\thietke_laptrinh_web\myweb\"
7:12:23 SA  [main] 	Checking for prerequisites
7:12:24 SA  [main] 	All prerequisites found
7:12:24 SA  [main] 	Initializing Modules
7:12:24 SA  [main] 	Starting Check-Timer
7:12:24 SA  [main] 	Control Panel Ready
7:12:41 SA  [Apache] 	Attempting to start Apache app...
7:12:42 SA  [Apache] 	Status change detected: running
7:12:42 SA  [mysql] 	Attempting to start MySQL app...
7:12:42 SA  [mysql] 	Status change detected: running
11:14:12 SA  [Apache] 	Attempting to stop Apache (PID: 1568)
11:14:12 SA  [Apache] 	Attempting to stop Apache (PID: 9632)
11:14:13 SA  [Apache] 	Status change detected: stopped
11:14:13 SA  [mysql] 	Attempting to stop MySQL app...
11:14:13 SA  [mysql] 	Status change detected: stopped
11:23:06 SA  [main] 	Deinitializing Modules
11:23:06 SA  [main] 	Deinitializing Control Panel

1:38:50 CH  [main] 	Initializing Control Panel
1:38:50 CH  [main] 	Windows Version:  Enterprise  64-bit
1:38:50 CH  [main] 	XAMPP Version: 7.2.28
1:38:50 CH  [main] 	Control Panel Version: 3.2.4  [ Compiled: Jun 5th 2019 ]
1:38:50 CH  [main] 	You are not running with administrator rights! This will work for
1:38:50 CH  [main] 	most application stuff but whenever you do something with services
1:38:50 CH  [main] 	there will be a security dialogue or things will break! So think 
1:38:50 CH  [main] 	about running this application with administrator rights!
1:38:50 CH  [main] 	XAMPP Installation Directory: "d:\hk2n3\thietke_laptrinh_web\myweb\"
1:38:50 CH  [main] 	Checking for prerequisites
1:38:52 CH  [main] 	All prerequisites found
1:38:52 CH  [main] 	Initializing Modules
1:38:52 CH  [main] 	Starting Check-Timer
1:38:52 CH  [main] 	Control Panel Ready
1:38:53 CH  [Apache] 	Attempting to start Apache app...
1:38:53 CH  [Apache] 	Status change detected: running
1:38:54 CH  [mysql] 	Attempting to start MySQL app...
1:38:54 CH  [mysql] 	Status change detected: running
1:50:04 CH  [Apache] 	Attempting to stop Apache (PID: 2488)
1:50:04 CH  [Apache] 	Attempting to stop Apache (PID: 3556)
1:50:04 CH  [Apache] 	Status change detected: stopped
1:50:04 CH  [mysql] 	Attempting to stop MySQL app...
1:50:05 CH  [mysql] 	Status change detected: stopped
8:50:43 CH  [main] 	Deinitializing Modules
8:50:43 CH  [main] 	Deinitializing Control Panel

9:20:36 SA  [main] 	Initializing Control Panel
9:20:36 SA  [main] 	Windows Version:  Enterprise  64-bit
9:20:36 SA  [main] 	XAMPP Version: 7.2.28
9:20:36 SA  [main] 	Control Panel Version: 3.2.4  [ Compiled: Jun 5th 2019 ]
9:20:36 SA  [main] 	You are not running with administrator rights! This will work for
9:20:36 SA  [main] 	most application stuff but whenever you do something with services
9:20:36 SA  [main] 	there will be a security dialogue or things will break! So think 
9:20:36 SA  [main] 	about running this application with administrator rights!
9:20:36 SA  [main] 	XAMPP Installation Directory: "d:\hk2n3\thietke_laptrinh_web\myweb\"
9:20:36 SA  [main] 	Checking for prerequisites
9:20:38 SA  [main] 	All prerequisites found
9:20:38 SA  [main] 	Initializing Modules
9:20:38 SA  [main] 	Starting Check-Timer
9:20:38 SA  [main] 	Control Panel Ready
9:20:40 SA  [Apache] 	Attempting to start Apache app...
9:20:40 SA  [Apache] 	Status change detected: running
9:20:41 SA  [mysql] 	Attempting to start MySQL app...
9:20:41 SA  [mysql] 	Status change detected: running
9:50:37 SA  [Apache] 	Attempting to stop Apache (PID: 11120)
9:50:37 SA  [Apache] 	Attempting to stop Apache (PID: 800)
9:50:37 SA  [Apache] 	Status change detected: stopped
9:50:37 SA  [mysql] 	Attempting to stop MySQL app...
9:50:38 SA  [mysql] 	Status change detected: stopped
4:38:48 CH  [main] 	Deinitializing Modules
4:38:48 CH  [main] 	Deinitializing Control Panel

7:18:34 SA  [main] 	Initializing Control Panel
7:18:34 SA  [main] 	Windows Version:  Enterprise  64-bit
7:18:34 SA  [main] 	XAMPP Version: 7.2.28
7:18:34 SA  [main] 	Control Panel Version: 3.2.4  [ Compiled: Jun 5th 2019 ]
7:18:34 SA  [main] 	You are not running with administrator rights! This will work for
7:18:34 SA  [main] 	most application stuff but whenever you do something with services
7:18:34 SA  [main] 	there will be a security dialogue or things will break! So think 
7:18:34 SA  [main] 	about running this application with administrator rights!
7:18:34 SA  [main] 	XAMPP Installation Directory: "d:\hk2n3\thietke_laptrinh_web\myweb\"
7:18:34 SA  [main] 	Checking for prerequisites
7:18:36 SA  [main] 	All prerequisites found
7:18:36 SA  [main] 	Initializing Modules
7:18:36 SA  [main] 	Starting Check-Timer
7:18:36 SA  [main] 	Control Panel Ready
7:18:37 SA  [Apache] 	Attempting to start Apache app...
7:18:37 SA  [Apache] 	Status change detected: running
7:18:38 SA  [mysql] 	Attempting to start MySQL app...
7:18:38 SA  [mysql] 	Status change detected: running
10:54:41 SA  [Apache] 	Attempting to stop Apache (PID: 752)
10:54:41 SA  [Apache] 	Attempting to stop Apache (PID: 228)
10:54:41 SA  [Apache] 	Status change detected: stopped
10:54:42 SA  [mysql] 	Attempting to stop MySQL app...
10:54:42 SA  [mysql] 	Status change detected: stopped
10:54:47 SA  [main] 	Deinitializing Modules
10:54:47 SA  [main] 	Deinitializing Control Panel

