InnoDB: using atomic writes.
2020-03-29 21:56:53 0 [Note] InnoDB: Mutexes and rw_locks use Windows interlocked functions
2020-03-29 21:56:53 0 [Note] InnoDB: Uses event mutexes
2020-03-29 21:56:53 0 [Note] InnoDB: Compressed tables use zlib 1.2.11
2020-03-29 21:56:53 0 [Note] InnoDB: Number of pools: 1
2020-03-29 21:56:53 0 [Note] InnoDB: Using SSE2 crc32 instructions
2020-03-29 21:56:53 0 [Note] InnoDB: Initializing buffer pool, total size = 16M, instances = 1, chunk size = 16M
2020-03-29 21:56:53 0 [Note] InnoDB: Completed initialization of buffer pool
2020-03-29 21:56:53 0 [Note] InnoDB: Starting crash recovery from checkpoint LSN=300288
2020-03-29 21:56:53 0 [Note] InnoDB: 128 out of 128 rollback segments are active.
2020-03-29 21:56:53 0 [Note] InnoDB: Removed temporary tablespace data file: "ibtmp1"
2020-03-29 21:56:53 0 [Note] InnoDB: Creating shared tablespace for temporary tables
2020-03-29 21:56:53 0 [Note] InnoDB: Setting file 'D:\HK2N3\ThietKe_LapTrinh_Web\myWeb\mysql\data\ibtmp1' size to 12 MB. Physically writing the file full; Please wait ...
2020-03-29 21:56:53 0 [Note] InnoDB: File 'D:\HK2N3\ThietKe_LapTrinh_Web\myWeb\mysql\data\ibtmp1' size is now 12 MB.
2020-03-29 21:56:53 0 [Note] InnoDB: Waiting for purge to start
2020-03-29 21:56:53 0 [Note] InnoDB: 10.4.11 started; log sequence number 300297; transaction id 171
2020-03-29 21:56:53 0 [Note] InnoDB: Loading buffer pool(s) from D:\HK2N3\ThietKe_LapTrinh_Web\myWeb\mysql\data\ib_buffer_pool
2020-03-29 21:56:53 0 [Note] Plugin 'FEEDBACK' is disabled.
2020-03-29 21:56:53 0 [Note] InnoDB: Buffer pool(s) load completed at 200329 21:56:53
2020-03-29 21:56:53 0 [Note] Server socket created on IP: '::'.
InnoDB: using atomic writes.
2020-04-03  9:49:07 0 [Note] InnoDB: Mutexes and rw_locks use Windows interlocked functions
2020-04-03  9:49:07 0 [Note] InnoDB: Uses event mutexes
2020-04-03  9:49:07 0 [Note] InnoDB: Compressed tables use zlib 1.2.11
2020-04-03  9:49:07 0 [Note] InnoDB: Number of pools: 1
2020-04-03  9:49:07 0 [Note] InnoDB: Using SSE2 crc32 instructions
2020-04-03  9:49:07 0 [Note] InnoDB: Initializing buffer pool, total size = 16M, instances = 1, chunk size = 16M
2020-04-03  9:49:07 0 [Note] InnoDB: Completed initialization of buffer pool
2020-04-03  9:49:07 0 [Note] InnoDB: Starting crash recovery from checkpoint LSN=300306
2020-04-03  9:49:08 0 [Note] InnoDB: 128 out of 128 rollback segments are active.
2020-04-03  9:49:08 0 [Note] InnoDB: Removed temporary tablespace data file: "ibtmp1"
2020-04-03  9:49:08 0 [Note] InnoDB: Creating shared tablespace for temporary tables
2020-04-03  9:49:08 0 [Note] InnoDB: Setting file 'D:\HK2N3\ThietKe_LapTrinh_Web\myWeb\mysql\data\ibtmp1' size to 12 MB. Physically writing the file full; Please wait ...
2020-04-03  9:49:08 0 [Note] InnoDB: File 'D:\HK2N3\ThietKe_LapTrinh_Web\myWeb\mysql\data\ibtmp1' size is now 12 MB.
2020-04-03  9:49:08 0 [Note] InnoDB: Waiting for purge to start
2020-04-03  9:49:08 0 [Note] InnoDB: 10.4.11 started; log sequence number 300315; transaction id 171
2020-04-03  9:49:08 0 [Note] InnoDB: Loading buffer pool(s) from D:\HK2N3\ThietKe_LapTrinh_Web\myWeb\mysql\data\ib_buffer_pool
2020-04-03  9:49:08 0 [Note] Plugin 'FEEDBACK' is disabled.
2020-04-03  9:49:08 0 [Note] InnoDB: Buffer pool(s) load completed at 200403  9:49:08
2020-04-03  9:49:08 0 [Note] Server socket created on IP: '::'.
InnoDB: using atomic writes.
2020-04-05 18:31:53 0 [Note] InnoDB: Mutexes and rw_locks use Windows interlocked functions
2020-04-05 18:31:53 0 [Note] InnoDB: Uses event mutexes
2020-04-05 18:31:53 0 [Note] InnoDB: Compressed tables use zlib 1.2.11
2020-04-05 18:31:53 0 [Note] InnoDB: Number of pools: 1
2020-04-05 18:31:53 0 [Note] InnoDB: Using SSE2 crc32 instructions
2020-04-05 18:31:53 0 [Note] InnoDB: Initializing buffer pool, total size = 16M, instances = 1, chunk size = 16M
2020-04-05 18:31:53 0 [Note] InnoDB: Completed initialization of buffer pool
2020-04-05 18:31:53 0 [Note] InnoDB: Starting crash recovery from checkpoint LSN=300324
2020-04-05 18:31:54 0 [Note] InnoDB: 128 out of 128 rollback segments are active.
2020-04-05 18:31:54 0 [Note] InnoDB: Removed temporary tablespace data file: "ibtmp1"
2020-04-05 18:31:54 0 [Note] InnoDB: Creating shared tablespace for temporary tables
2020-04-05 18:31:54 0 [Note] InnoDB: Setting file 'D:\HK2N3\ThietKe_LapTrinh_Web\myWeb\mysql\data\ibtmp1' size to 12 MB. Physically writing the file full; Please wait ...
2020-04-05 18:31:54 0 [Note] InnoDB: File 'D:\HK2N3\ThietKe_LapTrinh_Web\myWeb\mysql\data\ibtmp1' size is now 12 MB.
2020-04-05 18:31:54 0 [Note] InnoDB: Waiting for purge to start
2020-04-05 18:31:54 0 [Note] InnoDB: 10.4.11 started; log sequence number 300333; transaction id 171
2020-04-05 18:31:54 0 [Note] InnoDB: Loading buffer pool(s) from D:\HK2N3\ThietKe_LapTrinh_Web\myWeb\mysql\data\ib_buffer_pool
2020-04-05 18:31:54 0 [Note] Plugin 'FEEDBACK' is disabled.
2020-04-05 18:31:54 0 [Note] InnoDB: Buffer pool(s) load completed at 200405 18:31:54
2020-04-05 18:31:54 0 [Note] Server socket created on IP: '::'.
InnoDB: using atomic writes.
2020-04-06  7:20:02 0 [Note] InnoDB: Mutexes and rw_locks use Windows interlocked functions
2020-04-06  7:20:02 0 [Note] InnoDB: Uses event mutexes
2020-04-06  7:20:02 0 [Note] InnoDB: Compressed tables use zlib 1.2.11
2020-04-06  7:20:02 0 [Note] InnoDB: Number of pools: 1
2020-04-06  7:20:02 0 [Note] InnoDB: Using SSE2 crc32 instructions
2020-04-06  7:20:02 0 [Note] InnoDB: Initializing buffer pool, total size = 16M, instances = 1, chunk size = 16M
2020-04-06  7:20:02 0 [Note] InnoDB: Completed initialization of buffer pool
2020-04-06  7:20:02 0 [Note] InnoDB: Starting crash recovery from checkpoint LSN=300342
2020-04-06  7:20:03 0 [Note] InnoDB: 128 out of 128 rollback segments are active.
2020-04-06  7:20:03 0 [Note] InnoDB: Removed temporary tablespace data file: "ibtmp1"
2020-04-06  7:20:03 0 [Note] InnoDB: Creating shared tablespace for temporary tables
2020-04-06  7:20:03 0 [Note] InnoDB: Setting file 'D:\HK2N3\ThietKe_LapTrinh_Web\myWeb\mysql\data\ibtmp1' size to 12 MB. Physically writing the file full; Please wait ...
2020-04-06  7:20:03 0 [Note] InnoDB: File 'D:\HK2N3\ThietKe_LapTrinh_Web\myWeb\mysql\data\ibtmp1' size is now 12 MB.
2020-04-06  7:20:03 0 [Note] InnoDB: Waiting for purge to start
2020-04-06  7:20:03 0 [Note] InnoDB: 10.4.11 started; log sequence number 300351; transaction id 171
2020-04-06  7:20:03 0 [Note] InnoDB: Loading buffer pool(s) from D:\HK2N3\ThietKe_LapTrinh_Web\myWeb\mysql\data\ib_buffer_pool
2020-04-06  7:20:03 0 [Note] Plugin 'FEEDBACK' is disabled.
2020-04-06  7:20:03 0 [Note] InnoDB: Buffer pool(s) load completed at 200406  7:20:03
2020-04-06  7:20:03 0 [Note] Server socket created on IP: '::'.
InnoDB: using atomic writes.
2020-04-13  7:12:43 0 [Note] InnoDB: Mutexes and rw_locks use Windows interlocked functions
2020-04-13  7:12:43 0 [Note] InnoDB: Uses event mutexes
2020-04-13  7:12:43 0 [Note] InnoDB: Compressed tables use zlib 1.2.11
2020-04-13  7:12:43 0 [Note] InnoDB: Number of pools: 1
2020-04-13  7:12:43 0 [Note] InnoDB: Using SSE2 crc32 instructions
2020-04-13  7:12:43 0 [Note] InnoDB: Initializing buffer pool, total size = 16M, instances = 1, chunk size = 16M
2020-04-13  7:12:43 0 [Note] InnoDB: Completed initialization of buffer pool
2020-04-13  7:12:43 0 [Note] InnoDB: Starting crash recovery from checkpoint LSN=300360
2020-04-13  7:12:43 0 [Note] InnoDB: 128 out of 128 rollback segments are active.
2020-04-13  7:12:43 0 [Note] InnoDB: Removed temporary tablespace data file: "ibtmp1"
2020-04-13  7:12:43 0 [Note] InnoDB: Creating shared tablespace for temporary tables
2020-04-13  7:12:43 0 [Note] InnoDB: Setting file 'D:\HK2N3\ThietKe_LapTrinh_Web\myWeb\mysql\data\ibtmp1' size to 12 MB. Physically writing the file full; Please wait ...
2020-04-13  7:12:43 0 [Note] InnoDB: File 'D:\HK2N3\ThietKe_LapTrinh_Web\myWeb\mysql\data\ibtmp1' size is now 12 MB.
2020-04-13  7:12:43 0 [Note] InnoDB: Waiting for purge to start
2020-04-13  7:12:43 0 [Note] InnoDB: 10.4.11 started; log sequence number 300369; transaction id 171
2020-04-13  7:12:43 0 [Note] InnoDB: Loading buffer pool(s) from D:\HK2N3\ThietKe_LapTrinh_Web\myWeb\mysql\data\ib_buffer_pool
2020-04-13  7:12:43 0 [Note] Plugin 'FEEDBACK' is disabled.
2020-04-13  7:12:43 0 [Note] InnoDB: Buffer pool(s) load completed at 200413  7:12:43
2020-04-13  7:12:43 0 [Note] Server socket created on IP: '::'.
InnoDB: using atomic writes.
2020-04-13 13:38:54 0 [Note] InnoDB: Mutexes and rw_locks use Windows interlocked functions
2020-04-13 13:38:54 0 [Note] InnoDB: Uses event mutexes
2020-04-13 13:38:54 0 [Note] InnoDB: Compressed tables use zlib 1.2.11
2020-04-13 13:38:54 0 [Note] InnoDB: Number of pools: 1
2020-04-13 13:38:54 0 [Note] InnoDB: Using SSE2 crc32 instructions
2020-04-13 13:38:54 0 [Note] InnoDB: Initializing buffer pool, total size = 16M, instances = 1, chunk size = 16M
2020-04-13 13:38:54 0 [Note] InnoDB: Completed initialization of buffer pool
2020-04-13 13:38:54 0 [Note] InnoDB: Starting crash recovery from checkpoint LSN=300378
2020-04-13 13:38:55 0 [Note] InnoDB: 128 out of 128 rollback segments are active.
2020-04-13 13:38:55 0 [Note] InnoDB: Removed temporary tablespace data file: "ibtmp1"
2020-04-13 13:38:55 0 [Note] InnoDB: Creating shared tablespace for temporary tables
2020-04-13 13:38:55 0 [Note] InnoDB: Setting file 'D:\HK2N3\ThietKe_LapTrinh_Web\myWeb\mysql\data\ibtmp1' size to 12 MB. Physically writing the file full; Please wait ...
2020-04-13 13:38:55 0 [Note] InnoDB: File 'D:\HK2N3\ThietKe_LapTrinh_Web\myWeb\mysql\data\ibtmp1' size is now 12 MB.
2020-04-13 13:38:55 0 [Note] InnoDB: Waiting for purge to start
2020-04-13 13:38:55 0 [Note] InnoDB: 10.4.11 started; log sequence number 300387; transaction id 171
2020-04-13 13:38:55 0 [Note] InnoDB: Loading buffer pool(s) from D:\HK2N3\ThietKe_LapTrinh_Web\myWeb\mysql\data\ib_buffer_pool
2020-04-13 13:38:55 0 [Note] Plugin 'FEEDBACK' is disabled.
2020-04-13 13:38:55 0 [Note] Server socket created on IP: '::'.
2020-04-13 13:38:55 0 [Note] InnoDB: Buffer pool(s) load completed at 200413 13:38:55
InnoDB: using atomic writes.
2020-04-19  9:20:42 0 [Note] InnoDB: Mutexes and rw_locks use Windows interlocked functions
2020-04-19  9:20:42 0 [Note] InnoDB: Uses event mutexes
2020-04-19  9:20:42 0 [Note] InnoDB: Compressed tables use zlib 1.2.11
2020-04-19  9:20:42 0 [Note] InnoDB: Number of pools: 1
2020-04-19  9:20:42 0 [Note] InnoDB: Using SSE2 crc32 instructions
2020-04-19  9:20:42 0 [Note] InnoDB: Initializing buffer pool, total size = 16M, instances = 1, chunk size = 16M
2020-04-19  9:20:42 0 [Note] InnoDB: Completed initialization of buffer pool
2020-04-19  9:20:42 0 [Note] InnoDB: Starting crash recovery from checkpoint LSN=300396
2020-04-19  9:20:42 0 [Note] InnoDB: 128 out of 128 rollback segments are active.
2020-04-19  9:20:42 0 [Note] InnoDB: Removed temporary tablespace data file: "ibtmp1"
2020-04-19  9:20:42 0 [Note] InnoDB: Creating shared tablespace for temporary tables
2020-04-19  9:20:42 0 [Note] InnoDB: Setting file 'D:\HK2N3\ThietKe_LapTrinh_Web\myWeb\mysql\data\ibtmp1' size to 12 MB. Physically writing the file full; Please wait ...
2020-04-19  9:20:42 0 [Note] InnoDB: File 'D:\HK2N3\ThietKe_LapTrinh_Web\myWeb\mysql\data\ibtmp1' size is now 12 MB.
2020-04-19  9:20:42 0 [Note] InnoDB: Waiting for purge to start
2020-04-19  9:20:42 0 [Note] InnoDB: 10.4.11 started; log sequence number 300405; transaction id 171
2020-04-19  9:20:42 0 [Note] InnoDB: Loading buffer pool(s) from D:\HK2N3\ThietKe_LapTrinh_Web\myWeb\mysql\data\ib_buffer_pool
2020-04-19  9:20:42 0 [Note] Plugin 'FEEDBACK' is disabled.
2020-04-19  9:20:42 0 [Note] InnoDB: Buffer pool(s) load completed at 200419  9:20:42
2020-04-19  9:20:43 0 [Note] Server socket created on IP: '::'.
InnoDB: using atomic writes.
2020-04-20  7:18:38 0 [Note] InnoDB: Mutexes and rw_locks use Windows interlocked functions
2020-04-20  7:18:38 0 [Note] InnoDB: Uses event mutexes
2020-04-20  7:18:38 0 [Note] InnoDB: Compressed tables use zlib 1.2.11
2020-04-20  7:18:38 0 [Note] InnoDB: Number of pools: 1
2020-04-20  7:18:38 0 [Note] InnoDB: Using SSE2 crc32 instructions
2020-04-20  7:18:38 0 [Note] InnoDB: Initializing buffer pool, total size = 16M, instances = 1, chunk size = 16M
2020-04-20  7:18:38 0 [Note] InnoDB: Completed initialization of buffer pool
2020-04-20  7:18:38 0 [Note] InnoDB: Starting crash recovery from checkpoint LSN=300414
2020-04-20  7:18:38 0 [Note] InnoDB: 128 out of 128 rollback segments are active.
2020-04-20  7:18:38 0 [Note] InnoDB: Removed temporary tablespace data file: "ibtmp1"
2020-04-20  7:18:38 0 [Note] InnoDB: Creating shared tablespace for temporary tables
2020-04-20  7:18:38 0 [Note] InnoDB: Setting file 'D:\HK2N3\ThietKe_LapTrinh_Web\myWeb\mysql\data\ibtmp1' size to 12 MB. Physically writing the file full; Please wait ...
2020-04-20  7:18:38 0 [Note] InnoDB: File 'D:\HK2N3\ThietKe_LapTrinh_Web\myWeb\mysql\data\ibtmp1' size is now 12 MB.
2020-04-20  7:18:38 0 [Note] InnoDB: Waiting for purge to start
2020-04-20  7:18:38 0 [Note] InnoDB: 10.4.11 started; log sequence number 300423; transaction id 171
2020-04-20  7:18:38 0 [Note] InnoDB: Loading buffer pool(s) from D:\HK2N3\ThietKe_LapTrinh_Web\myWeb\mysql\data\ib_buffer_pool
2020-04-20  7:18:38 0 [Note] Plugin 'FEEDBACK' is disabled.
2020-04-20  7:18:38 0 [Note] InnoDB: Buffer pool(s) load completed at 200420  7:18:38
2020-04-20  7:18:38 0 [Note] Server socket created on IP: '::'.
