[Sun Mar 29 22:03:54.724804 2020] [ssl:warn] [pid 7056:tid 640] AH01909: www.example.com:443:0 server certificate does NOT include an ID which matches the server name
[Sun Mar 29 22:03:54.771665 2020] [ssl:warn] [pid 7056:tid 640] AH01909: www.example.com:443:0 server certificate does NOT include an ID which matches the server name
[Sun Mar 29 22:03:54.818532 2020] [mpm_winnt:notice] [pid 7056:tid 640] AH00455: Apache/2.4.41 (Win64) OpenSSL/1.1.1c PHP/7.2.28 configured -- resuming normal operations
[Sun Mar 29 22:03:54.818532 2020] [mpm_winnt:notice] [pid 7056:tid 640] AH00456: Apache Lounge VC15 Server built: Aug 11 2019 12:20:04
[Sun Mar 29 22:03:54.818532 2020] [core:notice] [pid 7056:tid 640] AH00094: Command line: 'd:\\hk2n3\\thietke_laptrinh_web\\myweb\\apache\\bin\\httpd.exe -d D:/HK2N3/ThietKe_LapTrinh_Web/myWeb/apache'
[Sun Mar 29 22:03:54.818532 2020] [mpm_winnt:notice] [pid 7056:tid 640] AH00418: Parent: Created child process 2540
[Sun Mar 29 22:03:55.224842 2020] [ssl:warn] [pid 2540:tid 632] AH01909: www.example.com:443:0 server certificate does NOT include an ID which matches the server name
[Sun Mar 29 22:03:55.255959 2020] [ssl:warn] [pid 2540:tid 632] AH01909: www.example.com:443:0 server certificate does NOT include an ID which matches the server name
[Sun Mar 29 22:03:55.287202 2020] [mpm_winnt:notice] [pid 2540:tid 632] AH00354: Child: Starting 150 worker threads.
[Fri Apr 03 09:49:06.615154 2020] [ssl:warn] [pid 5828:tid 652] AH01909: www.example.com:443:0 server certificate does NOT include an ID which matches the server name
[Fri Apr 03 09:49:06.659821 2020] [core:warn] [pid 5828:tid 652] AH00098: pid file D:/HK2N3/ThietKe_LapTrinh_Web/myWeb/apache/logs/httpd.pid overwritten -- Unclean shutdown of previous Apache run?
[Fri Apr 03 09:49:06.665841 2020] [ssl:warn] [pid 5828:tid 652] AH01909: www.example.com:443:0 server certificate does NOT include an ID which matches the server name
[Fri Apr 03 09:49:06.952317 2020] [mpm_winnt:notice] [pid 5828:tid 652] AH00455: Apache/2.4.41 (Win64) OpenSSL/1.1.1c PHP/7.2.28 configured -- resuming normal operations
[Fri Apr 03 09:49:06.952317 2020] [mpm_winnt:notice] [pid 5828:tid 652] AH00456: Apache Lounge VC15 Server built: Aug 11 2019 12:20:04
[Fri Apr 03 09:49:06.952317 2020] [core:notice] [pid 5828:tid 652] AH00094: Command line: 'd:\\hk2n3\\thietke_laptrinh_web\\myweb\\apache\\bin\\httpd.exe -d D:/HK2N3/ThietKe_LapTrinh_Web/myWeb/apache'
[Fri Apr 03 09:49:06.955305 2020] [mpm_winnt:notice] [pid 5828:tid 652] AH00418: Parent: Created child process 8124
[Fri Apr 03 09:49:07.503888 2020] [ssl:warn] [pid 8124:tid 152] AH01909: www.example.com:443:0 server certificate does NOT include an ID which matches the server name
[Fri Apr 03 09:49:07.558741 2020] [ssl:warn] [pid 8124:tid 152] AH01909: www.example.com:443:0 server certificate does NOT include an ID which matches the server name
[Fri Apr 03 09:49:07.594645 2020] [mpm_winnt:notice] [pid 8124:tid 152] AH00354: Child: Starting 150 worker threads.
[Sun Apr 05 18:31:54.459643 2020] [ssl:warn] [pid 4248:tid 652] AH01909: www.example.com:443:0 server certificate does NOT include an ID which matches the server name
[Sun Apr 05 18:31:54.516882 2020] [core:warn] [pid 4248:tid 652] AH00098: pid file D:/HK2N3/ThietKe_LapTrinh_Web/myWeb/apache/logs/httpd.pid overwritten -- Unclean shutdown of previous Apache run?
[Sun Apr 05 18:31:54.524902 2020] [ssl:warn] [pid 4248:tid 652] AH01909: www.example.com:443:0 server certificate does NOT include an ID which matches the server name
[Sun Apr 05 18:31:54.975954 2020] [mpm_winnt:notice] [pid 4248:tid 652] AH00455: Apache/2.4.41 (Win64) OpenSSL/1.1.1c PHP/7.2.28 configured -- resuming normal operations
[Sun Apr 05 18:31:54.975954 2020] [mpm_winnt:notice] [pid 4248:tid 652] AH00456: Apache Lounge VC15 Server built: Aug 11 2019 12:20:04
[Sun Apr 05 18:31:54.975954 2020] [core:notice] [pid 4248:tid 652] AH00094: Command line: 'd:\\hk2n3\\thietke_laptrinh_web\\myweb\\apache\\bin\\httpd.exe -d D:/HK2N3/ThietKe_LapTrinh_Web/myWeb/apache'
[Sun Apr 05 18:31:54.980224 2020] [mpm_winnt:notice] [pid 4248:tid 652] AH00418: Parent: Created child process 8904
[Sun Apr 05 18:31:55.830222 2020] [ssl:warn] [pid 8904:tid 636] AH01909: www.example.com:443:0 server certificate does NOT include an ID which matches the server name
[Sun Apr 05 18:31:55.910114 2020] [ssl:warn] [pid 8904:tid 636] AH01909: www.example.com:443:0 server certificate does NOT include an ID which matches the server name
[Sun Apr 05 18:31:55.960434 2020] [mpm_winnt:notice] [pid 8904:tid 636] AH00354: Child: Starting 150 worker threads.
[Mon Apr 06 07:20:02.785058 2020] [ssl:warn] [pid 2304:tid 592] AH01909: www.example.com:443:0 server certificate does NOT include an ID which matches the server name
[Mon Apr 06 07:20:02.839911 2020] [core:warn] [pid 2304:tid 592] AH00098: pid file D:/HK2N3/ThietKe_LapTrinh_Web/myWeb/apache/logs/httpd.pid overwritten -- Unclean shutdown of previous Apache run?
[Mon Apr 06 07:20:02.846891 2020] [ssl:warn] [pid 2304:tid 592] AH01909: www.example.com:443:0 server certificate does NOT include an ID which matches the server name
[Mon Apr 06 07:20:03.174980 2020] [mpm_winnt:notice] [pid 2304:tid 592] AH00455: Apache/2.4.41 (Win64) OpenSSL/1.1.1c PHP/7.2.28 configured -- resuming normal operations
[Mon Apr 06 07:20:03.174980 2020] [mpm_winnt:notice] [pid 2304:tid 592] AH00456: Apache Lounge VC15 Server built: Aug 11 2019 12:20:04
[Mon Apr 06 07:20:03.174980 2020] [core:notice] [pid 2304:tid 592] AH00094: Command line: 'd:\\hk2n3\\thietke_laptrinh_web\\myweb\\apache\\bin\\httpd.exe -d D:/HK2N3/ThietKe_LapTrinh_Web/myWeb/apache'
[Mon Apr 06 07:20:03.177975 2020] [mpm_winnt:notice] [pid 2304:tid 592] AH00418: Parent: Created child process 4312
[Mon Apr 06 07:20:03.685301 2020] [ssl:warn] [pid 4312:tid 644] AH01909: www.example.com:443:0 server certificate does NOT include an ID which matches the server name
[Mon Apr 06 07:20:03.731179 2020] [ssl:warn] [pid 4312:tid 644] AH01909: www.example.com:443:0 server certificate does NOT include an ID which matches the server name
[Mon Apr 06 07:20:03.758105 2020] [mpm_winnt:notice] [pid 4312:tid 644] AH00354: Child: Starting 150 worker threads.
[Mon Apr 13 07:12:43.372231 2020] [ssl:warn] [pid 1568:tid 556] AH01909: www.example.com:443:0 server certificate does NOT include an ID which matches the server name
[Mon Apr 13 07:12:43.446034 2020] [core:warn] [pid 1568:tid 556] AH00098: pid file D:/HK2N3/ThietKe_LapTrinh_Web/myWeb/apache/logs/httpd.pid overwritten -- Unclean shutdown of previous Apache run?
[Mon Apr 13 07:12:43.454013 2020] [ssl:warn] [pid 1568:tid 556] AH01909: www.example.com:443:0 server certificate does NOT include an ID which matches the server name
[Mon Apr 13 07:12:43.948235 2020] [mpm_winnt:notice] [pid 1568:tid 556] AH00455: Apache/2.4.41 (Win64) OpenSSL/1.1.1c PHP/7.2.28 configured -- resuming normal operations
[Mon Apr 13 07:12:43.948235 2020] [mpm_winnt:notice] [pid 1568:tid 556] AH00456: Apache Lounge VC15 Server built: Aug 11 2019 12:20:04
[Mon Apr 13 07:12:43.948235 2020] [core:notice] [pid 1568:tid 556] AH00094: Command line: 'd:\\hk2n3\\thietke_laptrinh_web\\myweb\\apache\\bin\\httpd.exe -d D:/HK2N3/ThietKe_LapTrinh_Web/myWeb/apache'
[Mon Apr 13 07:12:43.952224 2020] [mpm_winnt:notice] [pid 1568:tid 556] AH00418: Parent: Created child process 9632
[Mon Apr 13 07:12:44.597696 2020] [ssl:warn] [pid 9632:tid 624] AH01909: www.example.com:443:0 server certificate does NOT include an ID which matches the server name
[Mon Apr 13 07:12:44.651551 2020] [ssl:warn] [pid 9632:tid 624] AH01909: www.example.com:443:0 server certificate does NOT include an ID which matches the server name
[Mon Apr 13 07:12:44.685460 2020] [mpm_winnt:notice] [pid 9632:tid 624] AH00354: Child: Starting 150 worker threads.
[Mon Apr 13 13:38:54.578186 2020] [ssl:warn] [pid 2488:tid 636] AH01909: www.example.com:443:0 server certificate does NOT include an ID which matches the server name
[Mon Apr 13 13:38:54.649996 2020] [core:warn] [pid 2488:tid 636] AH00098: pid file D:/HK2N3/ThietKe_LapTrinh_Web/myWeb/apache/logs/httpd.pid overwritten -- Unclean shutdown of previous Apache run?
[Mon Apr 13 13:38:54.663957 2020] [ssl:warn] [pid 2488:tid 636] AH01909: www.example.com:443:0 server certificate does NOT include an ID which matches the server name
[Mon Apr 13 13:38:54.928008 2020] [mpm_winnt:notice] [pid 2488:tid 636] AH00455: Apache/2.4.41 (Win64) OpenSSL/1.1.1c PHP/7.2.28 configured -- resuming normal operations
[Mon Apr 13 13:38:54.928008 2020] [mpm_winnt:notice] [pid 2488:tid 636] AH00456: Apache Lounge VC15 Server built: Aug 11 2019 12:20:04
[Mon Apr 13 13:38:54.928008 2020] [core:notice] [pid 2488:tid 636] AH00094: Command line: 'd:\\hk2n3\\thietke_laptrinh_web\\myweb\\apache\\bin\\httpd.exe -d D:/HK2N3/ThietKe_LapTrinh_Web/myWeb/apache'
[Mon Apr 13 13:38:54.932996 2020] [mpm_winnt:notice] [pid 2488:tid 636] AH00418: Parent: Created child process 3556
[Mon Apr 13 13:38:55.579260 2020] [ssl:warn] [pid 3556:tid 692] AH01909: www.example.com:443:0 server certificate does NOT include an ID which matches the server name
[Mon Apr 13 13:38:55.637103 2020] [ssl:warn] [pid 3556:tid 692] AH01909: www.example.com:443:0 server certificate does NOT include an ID which matches the server name
[Mon Apr 13 13:38:55.672010 2020] [mpm_winnt:notice] [pid 3556:tid 692] AH00354: Child: Starting 150 worker threads.
[Sun Apr 19 09:20:43.035766 2020] [ssl:warn] [pid 11120:tid 616] AH01909: www.example.com:443:0 server certificate does NOT include an ID which matches the server name
[Sun Apr 19 09:20:43.235542 2020] [core:warn] [pid 11120:tid 616] AH00098: pid file D:/HK2N3/ThietKe_LapTrinh_Web/myWeb/apache/logs/httpd.pid overwritten -- Unclean shutdown of previous Apache run?
[Sun Apr 19 09:20:43.293519 2020] [ssl:warn] [pid 11120:tid 616] AH01909: www.example.com:443:0 server certificate does NOT include an ID which matches the server name
[Sun Apr 19 09:20:43.837122 2020] [mpm_winnt:notice] [pid 11120:tid 616] AH00455: Apache/2.4.41 (Win64) OpenSSL/1.1.1c PHP/7.2.28 configured -- resuming normal operations
[Sun Apr 19 09:20:43.837122 2020] [mpm_winnt:notice] [pid 11120:tid 616] AH00456: Apache Lounge VC15 Server built: Aug 11 2019 12:20:04
[Sun Apr 19 09:20:43.837122 2020] [core:notice] [pid 11120:tid 616] AH00094: Command line: 'd:\\hk2n3\\thietke_laptrinh_web\\myweb\\apache\\bin\\httpd.exe -d D:/HK2N3/ThietKe_LapTrinh_Web/myWeb/apache'
[Sun Apr 19 09:20:43.844496 2020] [mpm_winnt:notice] [pid 11120:tid 616] AH00418: Parent: Created child process 800
[Sun Apr 19 09:20:44.574612 2020] [ssl:warn] [pid 800:tid 616] AH01909: www.example.com:443:0 server certificate does NOT include an ID which matches the server name
[Sun Apr 19 09:20:44.638046 2020] [ssl:warn] [pid 800:tid 616] AH01909: www.example.com:443:0 server certificate does NOT include an ID which matches the server name
[Sun Apr 19 09:20:44.687112 2020] [mpm_winnt:notice] [pid 800:tid 616] AH00354: Child: Starting 150 worker threads.
[Mon Apr 20 07:18:39.182284 2020] [ssl:warn] [pid 752:tid 556] AH01909: www.example.com:443:0 server certificate does NOT include an ID which matches the server name
[Mon Apr 20 07:18:39.238654 2020] [core:warn] [pid 752:tid 556] AH00098: pid file D:/HK2N3/ThietKe_LapTrinh_Web/myWeb/apache/logs/httpd.pid overwritten -- Unclean shutdown of previous Apache run?
[Mon Apr 20 07:18:39.249618 2020] [ssl:warn] [pid 752:tid 556] AH01909: www.example.com:443:0 server certificate does NOT include an ID which matches the server name
[Mon Apr 20 07:18:39.578074 2020] [mpm_winnt:notice] [pid 752:tid 556] AH00455: Apache/2.4.41 (Win64) OpenSSL/1.1.1c PHP/7.2.28 configured -- resuming normal operations
[Mon Apr 20 07:18:39.578074 2020] [mpm_winnt:notice] [pid 752:tid 556] AH00456: Apache Lounge VC15 Server built: Aug 11 2019 12:20:04
[Mon Apr 20 07:18:39.578074 2020] [core:notice] [pid 752:tid 556] AH00094: Command line: 'd:\\hk2n3\\thietke_laptrinh_web\\myweb\\apache\\bin\\httpd.exe -d D:/HK2N3/ThietKe_LapTrinh_Web/myWeb/apache'
[Mon Apr 20 07:18:39.583062 2020] [mpm_winnt:notice] [pid 752:tid 556] AH00418: Parent: Created child process 228
[Mon Apr 20 07:18:40.146489 2020] [ssl:warn] [pid 228:tid 628] AH01909: www.example.com:443:0 server certificate does NOT include an ID which matches the server name
[Mon Apr 20 07:18:40.199317 2020] [ssl:warn] [pid 228:tid 628] AH01909: www.example.com:443:0 server certificate does NOT include an ID which matches the server name
[Mon Apr 20 07:18:40.235221 2020] [mpm_winnt:notice] [pid 228:tid 628] AH00354: Child: Starting 150 worker threads.
