[Sun Mar 29 22:03:54.724804 2020] [ssl:warn] [pid 7056:tid 640] AH01909: www.example.com:443:0 server certificate does NOT include an ID which matches the server name
[Sun Mar 29 22:03:54.771665 2020] [ssl:warn] [pid 7056:tid 640] AH01909: www.example.com:443:0 server certificate does NOT include an ID which matches the server name
[Sun Mar 29 22:03:54.818532 2020] [mpm_winnt:notice] [pid 7056:tid 640] AH00455: Apache/2.4.41 (Win64) OpenSSL/1.1.1c PHP/7.2.28 configured -- resuming normal operations
[Sun Mar 29 22:03:54.818532 2020] [mpm_winnt:notice] [pid 7056:tid 640] AH00456: Apache Lounge VC15 Server built: Aug 11 2019 12:20:04
[Sun Mar 29 22:03:54.818532 2020] [core:notice] [pid 7056:tid 640] AH00094: Command line: 'd:\\hk2n3\\thietke_laptrinh_web\\myweb\\apache\\bin\\httpd.exe -d D:/HK2N3/ThietKe_LapTrinh_Web/myWeb/apache'
[Sun Mar 29 22:03:54.818532 2020] [mpm_winnt:notice] [pid 7056:tid 640] AH00418: Parent: Created child process 2540
[Sun Mar 29 22:03:55.224842 2020] [ssl:warn] [pid 2540:tid 632] AH01909: www.example.com:443:0 server certificate does NOT include an ID which matches the server name
[Sun Mar 29 22:03:55.255959 2020] [ssl:warn] [pid 2540:tid 632] AH01909: www.example.com:443:0 server certificate does NOT include an ID which matches the server name
[Sun Mar 29 22:03:55.287202 2020] [mpm_winnt:notice] [pid 2540:tid 632] AH00354: Child: Starting 150 worker threads.
[Fri Apr 03 09:49:06.615154 2020] [ssl:warn] [pid 5828:tid 652] AH01909: www.example.com:443:0 server certificate does NOT include an ID which matches the server name
[Fri Apr 03 09:49:06.659821 2020] [core:warn] [pid 5828:tid 652] AH00098: pid file D:/HK2N3/ThietKe_LapTrinh_Web/myWeb/apache/logs/httpd.pid overwritten -- Unclean shutdown of previous Apache run?
[Fri Apr 03 09:49:06.665841 2020] [ssl:warn] [pid 5828:tid 652] AH01909: www.example.com:443:0 server certificate does NOT include an ID which matches the server name
[Fri Apr 03 09:49:06.952317 2020] [mpm_winnt:notice] [pid 5828:tid 652] AH00455: Apache/2.4.41 (Win64) OpenSSL/1.1.1c PHP/7.2.28 configured -- resuming normal operations
[Fri Apr 03 09:49:06.952317 2020] [mpm_winnt:notice] [pid 5828:tid 652] AH00456: Apache Lounge VC15 Server built: Aug 11 2019 12:20:04
[Fri Apr 03 09:49:06.952317 2020] [core:notice] [pid 5828:tid 652] AH00094: Command line: 'd:\\hk2n3\\thietke_laptrinh_web\\myweb\\apache\\bin\\httpd.exe -d D:/HK2N3/ThietKe_LapTrinh_Web/myWeb/apache'
[Fri Apr 03 09:49:06.955305 2020] [mpm_winnt:notice] [pid 5828:tid 652] AH00418: Parent: Created child process 8124
[Fri Apr 03 09:49:07.503888 2020] [ssl:warn] [pid 8124:tid 152] AH01909: www.example.com:443:0 server certificate does NOT include an ID which matches the server name
[Fri Apr 03 09:49:07.558741 2020] [ssl:warn] [pid 8124:tid 152] AH01909: www.example.com:443:0 server certificate does NOT include an ID which matches the server name
[Fri Apr 03 09:49:07.594645 2020] [mpm_winnt:notice] [pid 8124:tid 152] AH00354: Child: Starting 150 worker threads.
[Sun Apr 05 18:31:54.459643 2020] [ssl:warn] [pid 4248:tid 652] AH01909: www.example.com:443:0 server certificate does NOT include an ID which matches the server name
[Sun Apr 05 18:31:54.516882 2020] [core:warn] [pid 4248:tid 652] AH00098: pid file D:/HK2N3/ThietKe_LapTrinh_Web/myWeb/apache/logs/httpd.pid overwritten -- Unclean shutdown of previous Apache run?
[Sun Apr 05 18:31:54.524902 2020] [ssl:warn] [pid 4248:tid 652] AH01909: www.example.com:443:0 server certificate does NOT include an ID which matches the server name
[Sun Apr 05 18:31:54.975954 2020] [mpm_winnt:notice] [pid 4248:tid 652] AH00455: Apache/2.4.41 (Win64) OpenSSL/1.1.1c PHP/7.2.28 configured -- resuming normal operations
[Sun Apr 05 18:31:54.975954 2020] [mpm_winnt:notice] [pid 4248:tid 652] AH00456: Apache Lounge VC15 Server built: Aug 11 2019 12:20:04
[Sun Apr 05 18:31:54.975954 2020] [core:notice] [pid 4248:tid 652] AH00094: Command line: 'd:\\hk2n3\\thietke_laptrinh_web\\myweb\\apache\\bin\\httpd.exe -d D:/HK2N3/ThietKe_LapTrinh_Web/myWeb/apache'
[Sun Apr 05 18:31:54.980224 2020] [mpm_winnt:notice] [pid 4248:tid 652] AH00418: Parent: Created child process 8904
[Sun Apr 05 18:31:55.830222 2020] [ssl:warn] [pid 8904:tid 636] AH01909: www.example.com:443:0 server certificate does NOT include an ID which matches the server name
[Sun Apr 05 18:31:55.910114 2020] [ssl:warn] [pid 8904:tid 636] AH01909: www.example.com:443:0 server certificate does NOT include an ID which matches the server name
[Sun Apr 05 18:31:55.960434 2020] [mpm_winnt:notice] [pid 8904:tid 636] AH00354: Child: Starting 150 worker threads.
[Mon Apr 06 07:20:02.785058 2020] [ssl:warn] [pid 2304:tid 592] AH01909: www.example.com:443:0 server certificate does NOT include an ID which matches the server name
[Mon Apr 06 07:20:02.839911 2020] [core:warn] [pid 2304:tid 592] AH00098: pid file D:/HK2N3/ThietKe_LapTrinh_Web/myWeb/apache/logs/httpd.pid overwritten -- Unclean shutdown of previous Apache run?
[Mon Apr 06 07:20:02.846891 2020] [ssl:warn] [pid 2304:tid 592] AH01909: www.example.com:443:0 server certificate does NOT include an ID which matches the server name
[Mon Apr 06 07:20:03.174980 2020] [mpm_winnt:notice] [pid 2304:tid 592] AH00455: Apache/2.4.41 (Win64) OpenSSL/1.1.1c PHP/7.2.28 configured -- resuming normal operations
[Mon Apr 06 07:20:03.174980 2020] [mpm_winnt:notice] [pid 2304:tid 592] AH00456: Apache Lounge VC15 Server built: Aug 11 2019 12:20:04
[Mon Apr 06 07:20:03.174980 2020] [core:notice] [pid 2304:tid 592] AH00094: Command line: 'd:\\hk2n3\\thietke_laptrinh_web\\myweb\\apache\\bin\\httpd.exe -d D:/HK2N3/ThietKe_LapTrinh_Web/myWeb/apache'
[Mon Apr 06 07:20:03.177975 2020] [mpm_winnt:notice] [pid 2304:tid 592] AH00418: Parent: Created child process 4312
[Mon Apr 06 07:20:03.685301 2020] [ssl:warn] [pid 4312:tid 644] AH01909: www.example.com:443:0 server certificate does NOT include an ID which matches the server name
[Mon Apr 06 07:20:03.731179 2020] [ssl:warn] [pid 4312:tid 644] AH01909: www.example.com:443:0 server certificate does NOT include an ID which matches the server name
[Mon Apr 06 07:20:03.758105 2020] [mpm_winnt:notice] [pid 4312:tid 644] AH00354: Child: Starting 150 worker threads.
[Mon Apr 13 07:12:43.372231 2020] [ssl:warn] [pid 1568:tid 556] AH01909: www.example.com:443:0 server certificate does NOT include an ID which matches the server name
[Mon Apr 13 07:12:43.446034 2020] [core:warn] [pid 1568:tid 556] AH00098: pid file D:/HK2N3/ThietKe_LapTrinh_Web/myWeb/apache/logs/httpd.pid overwritten -- Unclean shutdown of previous Apache run?
[Mon Apr 13 07:12:43.454013 2020] [ssl:warn] [pid 1568:tid 556] AH01909: www.example.com:443:0 server certificate does NOT include an ID which matches the server name
[Mon Apr 13 07:12:43.948235 2020] [mpm_winnt:notice] [pid 1568:tid 556] AH00455: Apache/2.4.41 (Win64) OpenSSL/1.1.1c PHP/7.2.28 configured -- resuming normal operations
[Mon Apr 13 07:12:43.948235 2020] [mpm_winnt:notice] [pid 1568:tid 556] AH00456: Apache Lounge VC15 Server built: Aug 11 2019 12:20:04
[Mon Apr 13 07:12:43.948235 2020] [core:notice] [pid 1568:tid 556] AH00094: Command line: 'd:\\hk2n3\\thietke_laptrinh_web\\myweb\\apache\\bin\\httpd.exe -d D:/HK2N3/ThietKe_LapTrinh_Web/myWeb/apache'
[Mon Apr 13 07:12:43.952224 2020] [mpm_winnt:notice] [pid 1568:tid 556] AH00418: Parent: Created child process 9632
[Mon Apr 13 07:12:44.597696 2020] [ssl:warn] [pid 9632:tid 624] AH01909: www.example.com:443:0 server certificate does NOT include an ID which matches the server name
[Mon Apr 13 07:12:44.651551 2020] [ssl:warn] [pid 9632:tid 624] AH01909: www.example.com:443:0 server certificate does NOT include an ID which matches the server name
[Mon Apr 13 07:12:44.685460 2020] [mpm_winnt:notice] [pid 9632:tid 624] AH00354: Child: Starting 150 worker threads.
[Mon Apr 13 13:38:54.578186 2020] [ssl:warn] [pid 2488:tid 636] AH01909: www.example.com:443:0 server certificate does NOT include an ID which matches the server name
[Mon Apr 13 13:38:54.649996 2020] [core:warn] [pid 2488:tid 636] AH00098: pid file D:/HK2N3/ThietKe_LapTrinh_Web/myWeb/apache/logs/httpd.pid overwritten -- Unclean shutdown of previous Apache run?
[Mon Apr 13 13:38:54.663957 2020] [ssl:warn] [pid 2488:tid 636] AH01909: www.example.com:443:0 server certificate does NOT include an ID which matches the server name
[Mon Apr 13 13:38:54.928008 2020] [mpm_winnt:notice] [pid 2488:tid 636] AH00455: Apache/2.4.41 (Win64) OpenSSL/1.1.1c PHP/7.2.28 configured -- resuming normal operations
[Mon Apr 13 13:38:54.928008 2020] [mpm_winnt:notice] [pid 2488:tid 636] AH00456: Apache Lounge VC15 Server built: Aug 11 2019 12:20:04
[Mon Apr 13 13:38:54.928008 2020] [core:notice] [pid 2488:tid 636] AH00094: Command line: 'd:\\hk2n3\\thietke_laptrinh_web\\myweb\\apache\\bin\\httpd.exe -d D:/HK2N3/ThietKe_LapTrinh_Web/myWeb/apache'
[Mon Apr 13 13:38:54.932996 2020] [mpm_winnt:notice] [pid 2488:tid 636] AH00418: Parent: Created child process 3556
[Mon Apr 13 13:38:55.579260 2020] [ssl:warn] [pid 3556:tid 692] AH01909: www.example.com:443:0 server certificate does NOT include an ID which matches the server name
[Mon Apr 13 13:38:55.637103 2020] [ssl:warn] [pid 3556:tid 692] AH01909: www.example.com:443:0 server certificate does NOT include an ID which matches the server name
[Mon Apr 13 13:38:55.672010 2020] [mpm_winnt:notice] [pid 3556:tid 692] AH00354: Child: Starting 150 worker threads.
[Sun Apr 19 09:20:43.035766 2020] [ssl:warn] [pid 11120:tid 616] AH01909: www.example.com:443:0 server certificate does NOT include an ID which matches the server name
[Sun Apr 19 09:20:43.235542 2020] [core:warn] [pid 11120:tid 616] AH00098: pid file D:/HK2N3/ThietKe_LapTrinh_Web/myWeb/apache/logs/httpd.pid overwritten -- Unclean shutdown of previous Apache run?
[Sun Apr 19 09:20:43.293519 2020] [ssl:warn] [pid 11120:tid 616] AH01909: www.example.com:443:0 server certificate does NOT include an ID which matches the server name
[Sun Apr 19 09:20:43.837122 2020] [mpm_winnt:notice] [pid 11120:tid 616] AH00455: Apache/2.4.41 (Win64) OpenSSL/1.1.1c PHP/7.2.28 configured -- resuming normal operations
[Sun Apr 19 09:20:43.837122 2020] [mpm_winnt:notice] [pid 11120:tid 616] AH00456: Apache Lounge VC15 Server built: Aug 11 2019 12:20:04
[Sun Apr 19 09:20:43.837122 2020] [core:notice] [pid 11120:tid 616] AH00094: Command line: 'd:\\hk2n3\\thietke_laptrinh_web\\myweb\\apache\\bin\\httpd.exe -d D:/HK2N3/ThietKe_LapTrinh_Web/myWeb/apache'
[Sun Apr 19 09:20:43.844496 2020] [mpm_winnt:notice] [pid 11120:tid 616] AH00418: Parent: Created child process 800
[Sun Apr 19 09:20:44.574612 2020] [ssl:warn] [pid 800:tid 616] AH01909: www.example.com:443:0 server certificate does NOT include an ID which matches the server name
[Sun Apr 19 09:20:44.638046 2020] [ssl:warn] [pid 800:tid 616] AH01909: www.example.com:443:0 server certificate does NOT include an ID which matches the server name
[Sun Apr 19 09:20:44.687112 2020] [mpm_winnt:notice] [pid 800:tid 616] AH00354: Child: Starting 150 worker threads.
[Mon Apr 20 07:18:39.182284 2020] [ssl:warn] [pid 752:tid 556] AH01909: www.example.com:443:0 server certificate does NOT include an ID which matches the server name
[Mon Apr 20 07:18:39.238654 2020] [core:warn] [pid 752:tid 556] AH00098: pid file D:/HK2N3/ThietKe_LapTrinh_Web/myWeb/apache/logs/httpd.pid overwritten -- Unclean shutdown of previous Apache run?
[Mon Apr 20 07:18:39.249618 2020] [ssl:warn] [pid 752:tid 556] AH01909: www.example.com:443:0 server certificate does NOT include an ID which matches the server name
[Mon Apr 20 07:18:39.578074 2020] [mpm_winnt:notice] [pid 752:tid 556] AH00455: Apache/2.4.41 (Win64) OpenSSL/1.1.1c PHP/7.2.28 configured -- resuming normal operations
[Mon Apr 20 07:18:39.578074 2020] [mpm_winnt:notice] [pid 752:tid 556] AH00456: Apache Lounge VC15 Server built: Aug 11 2019 12:20:04
[Mon Apr 20 07:18:39.578074 2020] [core:notice] [pid 752:tid 556] AH00094: Command line: 'd:\\hk2n3\\thietke_laptrinh_web\\myweb\\apache\\bin\\httpd.exe -d D:/HK2N3/ThietKe_LapTrinh_Web/myWeb/apache'
[Mon Apr 20 07:18:39.583062 2020] [mpm_winnt:notice] [pid 752:tid 556] AH00418: Parent: Created child process 228
[Mon Apr 20 07:18:40.146489 2020] [ssl:warn] [pid 228:tid 628] AH01909: www.example.com:443:0 server certificate does NOT include an ID which matches the server name
[Mon Apr 20 07:18:40.199317 2020] [ssl:warn] [pid 228:tid 628] AH01909: www.example.com:443:0 server certificate does NOT include an ID which matches the server name
[Mon Apr 20 07:18:40.235221 2020] [mpm_winnt:notice] [pid 228:tid 628] AH00354: Child: Starting 150 worker threads.
[Mon Apr 27 07:33:15.594270 2020] [ssl:warn] [pid 10120:tid 588] AH01909: www.example.com:443:0 server certificate does NOT include an ID which matches the server name
[Mon Apr 27 07:33:15.643138 2020] [core:warn] [pid 10120:tid 588] AH00098: pid file D:/HK2N3/ThietKe_LapTrinh_Web/myWeb/apache/logs/httpd.pid overwritten -- Unclean shutdown of previous Apache run?
[Mon Apr 27 07:33:15.651118 2020] [ssl:warn] [pid 10120:tid 588] AH01909: www.example.com:443:0 server certificate does NOT include an ID which matches the server name
[Mon Apr 27 07:33:15.983798 2020] [mpm_winnt:notice] [pid 10120:tid 588] AH00455: Apache/2.4.41 (Win64) OpenSSL/1.1.1c PHP/7.2.28 configured -- resuming normal operations
[Mon Apr 27 07:33:15.983798 2020] [mpm_winnt:notice] [pid 10120:tid 588] AH00456: Apache Lounge VC15 Server built: Aug 11 2019 12:20:04
[Mon Apr 27 07:33:15.983798 2020] [core:notice] [pid 10120:tid 588] AH00094: Command line: 'd:\\hk2n3\\thietke_laptrinh_web\\myweb\\apache\\bin\\httpd.exe -d D:/HK2N3/ThietKe_LapTrinh_Web/myWeb/apache'
[Mon Apr 27 07:33:15.986717 2020] [mpm_winnt:notice] [pid 10120:tid 588] AH00418: Parent: Created child process 12232
[Mon Apr 27 07:33:16.526342 2020] [ssl:warn] [pid 12232:tid 644] AH01909: www.example.com:443:0 server certificate does NOT include an ID which matches the server name
[Mon Apr 27 07:33:16.573217 2020] [ssl:warn] [pid 12232:tid 644] AH01909: www.example.com:443:0 server certificate does NOT include an ID which matches the server name
[Mon Apr 27 07:33:16.606130 2020] [mpm_winnt:notice] [pid 12232:tid 644] AH00354: Child: Starting 150 worker threads.
[Sat May 02 19:40:12.556816 2020] [ssl:warn] [pid 6040:tid 624] AH01909: www.example.com:443:0 server certificate does NOT include an ID which matches the server name
[Sat May 02 19:40:12.622639 2020] [core:warn] [pid 6040:tid 624] AH00098: pid file D:/HK2N3/ThietKe_LapTrinh_Web/myWeb/apache/logs/httpd.pid overwritten -- Unclean shutdown of previous Apache run?
[Sat May 02 19:40:12.634607 2020] [ssl:warn] [pid 6040:tid 624] AH01909: www.example.com:443:0 server certificate does NOT include an ID which matches the server name
[Sat May 02 19:40:13.022474 2020] [mpm_winnt:notice] [pid 6040:tid 624] AH00455: Apache/2.4.41 (Win64) OpenSSL/1.1.1c PHP/7.2.28 configured -- resuming normal operations
[Sat May 02 19:40:13.022474 2020] [mpm_winnt:notice] [pid 6040:tid 624] AH00456: Apache Lounge VC15 Server built: Aug 11 2019 12:20:04
[Sat May 02 19:40:13.022474 2020] [core:notice] [pid 6040:tid 624] AH00094: Command line: 'd:\\hk2n3\\thietke_laptrinh_web\\myweb\\apache\\bin\\httpd.exe -d D:/HK2N3/ThietKe_LapTrinh_Web/myWeb/apache'
[Sat May 02 19:40:13.024468 2020] [mpm_winnt:notice] [pid 6040:tid 624] AH00418: Parent: Created child process 9360
[Sat May 02 19:40:13.516205 2020] [ssl:warn] [pid 9360:tid 652] AH01909: www.example.com:443:0 server certificate does NOT include an ID which matches the server name
[Sat May 02 19:40:13.582093 2020] [ssl:warn] [pid 9360:tid 652] AH01909: www.example.com:443:0 server certificate does NOT include an ID which matches the server name
[Sat May 02 19:40:13.621988 2020] [mpm_winnt:notice] [pid 9360:tid 652] AH00354: Child: Starting 150 worker threads.
[Mon May 04 07:30:29.591093 2020] [ssl:warn] [pid 4908:tid 600] AH01909: www.example.com:443:0 server certificate does NOT include an ID which matches the server name
[Mon May 04 07:30:29.659907 2020] [core:warn] [pid 4908:tid 600] AH00098: pid file D:/HK2N3/ThietKe_LapTrinh_Web/myWeb/apache/logs/httpd.pid overwritten -- Unclean shutdown of previous Apache run?
[Mon May 04 07:30:29.668356 2020] [ssl:warn] [pid 4908:tid 600] AH01909: www.example.com:443:0 server certificate does NOT include an ID which matches the server name
[Mon May 04 07:30:30.832110 2020] [mpm_winnt:notice] [pid 4908:tid 600] AH00455: Apache/2.4.41 (Win64) OpenSSL/1.1.1c PHP/7.2.28 configured -- resuming normal operations
[Mon May 04 07:30:30.832110 2020] [mpm_winnt:notice] [pid 4908:tid 600] AH00456: Apache Lounge VC15 Server built: Aug 11 2019 12:20:04
[Mon May 04 07:30:30.832110 2020] [core:notice] [pid 4908:tid 600] AH00094: Command line: 'd:\\hk2n3\\thietke_laptrinh_web\\myweb\\apache\\bin\\httpd.exe -d D:/HK2N3/ThietKe_LapTrinh_Web/myWeb/apache'
[Mon May 04 07:30:30.835104 2020] [mpm_winnt:notice] [pid 4908:tid 600] AH00418: Parent: Created child process 2528
[Mon May 04 07:30:31.281376 2020] [ssl:warn] [pid 2528:tid 632] AH01909: www.example.com:443:0 server certificate does NOT include an ID which matches the server name
[Mon May 04 07:30:31.327221 2020] [ssl:warn] [pid 2528:tid 632] AH01909: www.example.com:443:0 server certificate does NOT include an ID which matches the server name
[Mon May 04 07:30:31.353153 2020] [mpm_winnt:notice] [pid 2528:tid 632] AH00354: Child: Starting 150 worker threads.
[Wed May 06 14:09:52.024809 2020] [ssl:warn] [pid 10972:tid 672] AH01909: www.example.com:443:0 server certificate does NOT include an ID which matches the server name
[Wed May 06 14:09:52.074691 2020] [core:warn] [pid 10972:tid 672] AH00098: pid file D:/HK2N3/ThietKe_LapTrinh_Web/myWeb/apache/logs/httpd.pid overwritten -- Unclean shutdown of previous Apache run?
[Wed May 06 14:09:52.082654 2020] [ssl:warn] [pid 10972:tid 672] AH01909: www.example.com:443:0 server certificate does NOT include an ID which matches the server name
[Wed May 06 14:09:52.487197 2020] [mpm_winnt:notice] [pid 10972:tid 672] AH00455: Apache/2.4.41 (Win64) OpenSSL/1.1.1c PHP/7.2.28 configured -- resuming normal operations
[Wed May 06 14:09:52.487197 2020] [mpm_winnt:notice] [pid 10972:tid 672] AH00456: Apache Lounge VC15 Server built: Aug 11 2019 12:20:04
[Wed May 06 14:09:52.487197 2020] [core:notice] [pid 10972:tid 672] AH00094: Command line: 'd:\\hk2n3\\thietke_laptrinh_web\\myweb\\apache\\bin\\httpd.exe -d D:/HK2N3/ThietKe_LapTrinh_Web/myWeb/apache'
[Wed May 06 14:09:52.489190 2020] [mpm_winnt:notice] [pid 10972:tid 672] AH00418: Parent: Created child process 3340
[Wed May 06 14:09:52.927531 2020] [ssl:warn] [pid 3340:tid 644] AH01909: www.example.com:443:0 server certificate does NOT include an ID which matches the server name
[Wed May 06 14:09:52.971522 2020] [ssl:warn] [pid 3340:tid 644] AH01909: www.example.com:443:0 server certificate does NOT include an ID which matches the server name
[Wed May 06 14:09:53.002951 2020] [mpm_winnt:notice] [pid 3340:tid 644] AH00354: Child: Starting 150 worker threads.
[Wed May 06 22:45:18.125016 2020] [ssl:warn] [pid 548:tid 592] AH01909: www.example.com:443:0 server certificate does NOT include an ID which matches the server name
[Wed May 06 22:45:18.178389 2020] [core:warn] [pid 548:tid 592] AH00098: pid file D:/HK2N3/ThietKe_LapTrinh_Web/myWeb/apache/logs/httpd.pid overwritten -- Unclean shutdown of previous Apache run?
[Wed May 06 22:45:18.186366 2020] [ssl:warn] [pid 548:tid 592] AH01909: www.example.com:443:0 server certificate does NOT include an ID which matches the server name
[Wed May 06 22:45:18.232348 2020] [mpm_winnt:notice] [pid 548:tid 592] AH00455: Apache/2.4.41 (Win64) OpenSSL/1.1.1c PHP/7.2.28 configured -- resuming normal operations
[Wed May 06 22:45:18.232348 2020] [mpm_winnt:notice] [pid 548:tid 592] AH00456: Apache Lounge VC15 Server built: Aug 11 2019 12:20:04
[Wed May 06 22:45:18.232348 2020] [core:notice] [pid 548:tid 592] AH00094: Command line: 'd:\\hk2n3\\thietke_laptrinh_web\\myweb\\apache\\bin\\httpd.exe -d D:/HK2N3/ThietKe_LapTrinh_Web/myWeb/apache'
[Wed May 06 22:45:18.234787 2020] [mpm_winnt:notice] [pid 548:tid 592] AH00418: Parent: Created child process 2076
[Wed May 06 22:45:18.682506 2020] [ssl:warn] [pid 2076:tid 632] AH01909: www.example.com:443:0 server certificate does NOT include an ID which matches the server name
[Wed May 06 22:45:18.724407 2020] [ssl:warn] [pid 2076:tid 632] AH01909: www.example.com:443:0 server certificate does NOT include an ID which matches the server name
[Wed May 06 22:45:18.750574 2020] [mpm_winnt:notice] [pid 2076:tid 632] AH00354: Child: Starting 150 worker threads.
[Sun May 10 19:57:48.005439 2020] [ssl:warn] [pid 928:tid 596] AH01909: www.example.com:443:0 server certificate does NOT include an ID which matches the server name
[Sun May 10 19:57:48.052304 2020] [core:warn] [pid 928:tid 596] AH00098: pid file D:/HK2N3/ThietKe_LapTrinh_Web/myWeb/apache/logs/httpd.pid overwritten -- Unclean shutdown of previous Apache run?
[Sun May 10 19:57:48.067926 2020] [ssl:warn] [pid 928:tid 596] AH01909: www.example.com:443:0 server certificate does NOT include an ID which matches the server name
[Sun May 10 19:57:48.364731 2020] [mpm_winnt:notice] [pid 928:tid 596] AH00455: Apache/2.4.41 (Win64) OpenSSL/1.1.1c PHP/7.2.28 configured -- resuming normal operations
[Sun May 10 19:57:48.364731 2020] [mpm_winnt:notice] [pid 928:tid 596] AH00456: Apache Lounge VC15 Server built: Aug 11 2019 12:20:04
[Sun May 10 19:57:48.364731 2020] [core:notice] [pid 928:tid 596] AH00094: Command line: 'd:\\hk2n3\\thietke_laptrinh_web\\myweb\\apache\\bin\\httpd.exe -d D:/HK2N3/ThietKe_LapTrinh_Web/myWeb/apache'
[Sun May 10 19:57:48.364731 2020] [mpm_winnt:notice] [pid 928:tid 596] AH00418: Parent: Created child process 12192
[Sun May 10 19:57:48.864612 2020] [ssl:warn] [pid 12192:tid 656] AH01909: www.example.com:443:0 server certificate does NOT include an ID which matches the server name
[Sun May 10 19:57:48.911477 2020] [ssl:warn] [pid 12192:tid 656] AH01909: www.example.com:443:0 server certificate does NOT include an ID which matches the server name
[Sun May 10 19:57:48.942723 2020] [mpm_winnt:notice] [pid 12192:tid 656] AH00354: Child: Starting 150 worker threads.
[Thu May 21 15:34:59.510057 2020] [ssl:warn] [pid 5912:tid 652] AH01909: www.example.com:443:0 server certificate does NOT include an ID which matches the server name
[Thu May 21 15:34:59.572574 2020] [core:warn] [pid 5912:tid 652] AH00098: pid file D:/HK2N3/ThietKe_LapTrinh_Web/myWeb/apache/logs/httpd.pid overwritten -- Unclean shutdown of previous Apache run?
[Thu May 21 15:34:59.572574 2020] [ssl:warn] [pid 5912:tid 652] AH01909: www.example.com:443:0 server certificate does NOT include an ID which matches the server name
[Thu May 21 15:34:59.884969 2020] [mpm_winnt:notice] [pid 5912:tid 652] AH00455: Apache/2.4.41 (Win64) OpenSSL/1.1.1c PHP/7.2.28 configured -- resuming normal operations
[Thu May 21 15:34:59.884969 2020] [mpm_winnt:notice] [pid 5912:tid 652] AH00456: Apache Lounge VC15 Server built: Aug 11 2019 12:20:04
[Thu May 21 15:34:59.884969 2020] [core:notice] [pid 5912:tid 652] AH00094: Command line: 'd:\\hk2n3\\thietke_laptrinh_web\\myweb\\apache\\bin\\httpd.exe -d D:/HK2N3/ThietKe_LapTrinh_Web/myWeb/apache'
[Thu May 21 15:34:59.884969 2020] [mpm_winnt:notice] [pid 5912:tid 652] AH00418: Parent: Created child process 236
[Thu May 21 15:35:00.384852 2020] [ssl:warn] [pid 236:tid 476] AH01909: www.example.com:443:0 server certificate does NOT include an ID which matches the server name
[Thu May 21 15:35:00.447336 2020] [ssl:warn] [pid 236:tid 476] AH01909: www.example.com:443:0 server certificate does NOT include an ID which matches the server name
[Thu May 21 15:35:00.462957 2020] [mpm_winnt:notice] [pid 236:tid 476] AH00354: Child: Starting 150 worker threads.
[Sun Jun 07 14:30:27.319192 2020] [ssl:warn] [pid 9936:tid 616] AH01909: www.example.com:443:0 server certificate does NOT include an ID which matches the server name
[Sun Jun 07 14:30:27.366056 2020] [core:warn] [pid 9936:tid 616] AH00098: pid file D:/HK2N3/ThietKe_LapTrinh_Web/myWeb/apache/logs/httpd.pid overwritten -- Unclean shutdown of previous Apache run?
[Sun Jun 07 14:30:27.381678 2020] [ssl:warn] [pid 9936:tid 616] AH01909: www.example.com:443:0 server certificate does NOT include an ID which matches the server name
[Sun Jun 07 14:30:27.709722 2020] [mpm_winnt:notice] [pid 9936:tid 616] AH00455: Apache/2.4.41 (Win64) OpenSSL/1.1.1c PHP/7.2.28 configured -- resuming normal operations
[Sun Jun 07 14:30:27.709722 2020] [mpm_winnt:notice] [pid 9936:tid 616] AH00456: Apache Lounge VC15 Server built: Aug 11 2019 12:20:04
[Sun Jun 07 14:30:27.709722 2020] [core:notice] [pid 9936:tid 616] AH00094: Command line: 'd:\\hk2n3\\thietke_laptrinh_web\\myweb\\apache\\bin\\httpd.exe -d D:/HK2N3/ThietKe_LapTrinh_Web/myWeb/apache'
[Sun Jun 07 14:30:27.709722 2020] [mpm_winnt:notice] [pid 9936:tid 616] AH00418: Parent: Created child process 7352
[Sun Jun 07 14:30:28.147158 2020] [ssl:warn] [pid 7352:tid 632] AH01909: www.example.com:443:0 server certificate does NOT include an ID which matches the server name
[Sun Jun 07 14:30:28.178458 2020] [ssl:warn] [pid 7352:tid 632] AH01909: www.example.com:443:0 server certificate does NOT include an ID which matches the server name
[Sun Jun 07 14:30:28.209644 2020] [mpm_winnt:notice] [pid 7352:tid 632] AH00354: Child: Starting 150 worker threads.
[Sun Jun 07 19:38:30.938779 2020] [php7:warn] [pid 7352:tid 1884] [client ::1:61657] PHP Warning:  include_once(../connect.php): failed to open stream: No such file or directory in D:\\HK2N3\\ThietKe_LapTrinh_Web\\myWeb\\htdocs\\HocTrenLop\\frm_lop_them_xoa_sua.php on line 2
[Sun Jun 07 19:38:30.939777 2020] [php7:warn] [pid 7352:tid 1884] [client ::1:61657] PHP Warning:  include_once(): Failed opening '../connect.php' for inclusion (include_path='D:\\HK2N3\\ThietKe_LapTrinh_Web\\myWeb\\php\\PEAR') in D:\\HK2N3\\ThietKe_LapTrinh_Web\\myWeb\\htdocs\\HocTrenLop\\frm_lop_them_xoa_sua.php on line 2
[Sun Jun 07 19:38:30.940775 2020] [php7:notice] [pid 7352:tid 1884] [client ::1:61657] PHP Notice:  Undefined variable: conn in D:\\HK2N3\\ThietKe_LapTrinh_Web\\myWeb\\htdocs\\HocTrenLop\\frm_lop_them_xoa_sua.php on line 95
[Sun Jun 07 19:38:30.942768 2020] [php7:error] [pid 7352:tid 1884] [client ::1:61657] PHP Fatal error:  Uncaught Error: Call to a member function query() on null in D:\\HK2N3\\ThietKe_LapTrinh_Web\\myWeb\\htdocs\\HocTrenLop\\frm_lop_them_xoa_sua.php:95\nStack trace:\n#0 {main}\n  thrown in D:\\HK2N3\\ThietKe_LapTrinh_Web\\myWeb\\htdocs\\HocTrenLop\\frm_lop_them_xoa_sua.php on line 95
[Sun Jun 07 19:42:53.653535 2020] [php7:warn] [pid 7352:tid 1884] [client ::1:61730] PHP Warning:  mysqli::__construct(): (HY000/1049): Unknown database 'quanlysinhvien' in D:\\HK2N3\\ThietKe_LapTrinh_Web\\myWeb\\htdocs\\HocTrenLop\\BT\\ketnoi.php on line 9
[Sun Jun 07 19:42:53.654532 2020] [php7:warn] [pid 7352:tid 1884] [client ::1:61730] PHP Warning:  mysqli_set_charset(): Couldn't fetch mysqli in D:\\HK2N3\\ThietKe_LapTrinh_Web\\myWeb\\htdocs\\HocTrenLop\\BT\\ketnoi.php on line 10
[Sun Jun 07 20:35:42.830520 2020] [php7:notice] [pid 7352:tid 1896] [client ::1:61953] PHP Notice:  Undefined index: slTenNganh in D:\\HK2N3\\ThietKe_LapTrinh_Web\\myWeb\\htdocs\\HocTrenLop\\BT\\cap-nhat-lop.php on line 5
[Sun Jun 07 20:35:42.831520 2020] [php7:notice] [pid 7352:tid 1896] [client ::1:61953] PHP Notice:  Undefined index: txtTenLop in D:\\HK2N3\\ThietKe_LapTrinh_Web\\myWeb\\htdocs\\HocTrenLop\\BT\\cap-nhat-lop.php on line 6
